{"/home/travis/build/npmtest/node-npmtest-inversify/test.js":{"path":"/home/travis/build/npmtest/node-npmtest-inversify/test.js","s":{"1":2,"2":2,"3":2,"4":2,"5":2,"6":2,"7":2,"8":1,"9":2,"10":2,"11":1,"12":1,"13":1,"14":1,"15":2,"16":2,"17":2,"18":2,"19":1,"20":1,"21":2,"22":2,"23":2,"24":1,"25":1,"26":1,"27":1,"28":1,"29":1,"30":1,"31":1,"32":1,"33":1,"34":1,"35":1,"36":1,"37":1,"38":1,"39":2,"40":2,"41":1,"42":2,"43":2,"44":1,"45":2,"46":2,"47":1,"48":2,"49":2,"50":1,"51":1,"52":1,"53":1,"54":1},"b":{"1":[2,1,1,1],"2":[1,1,1,1],"3":[1,1],"4":[1,1],"5":[1,1],"6":[1,1],"7":[1,1],"8":[1,1],"9":[1,1],"10":[1,1,1],"11":[1,1],"12":[1,1],"13":[1,1],"14":[1,1],"15":[1,1],"16":[1,1],"17":[1,1]},"f":{"1":2,"2":2,"3":2,"4":2,"5":2,"6":1,"7":1,"8":1,"9":2,"10":2,"11":2,"12":2,"13":1},"fnMap":{"1":{"name":"(anonymous_1)","line":12,"loc":{"start":{"line":12,"column":1},"end":{"line":12,"column":13}}},"2":{"name":"(anonymous_2)","line":19,"loc":{"start":{"line":19,"column":5},"end":{"line":19,"column":17}}},"3":{"name":"(anonymous_3)","line":23,"loc":{"start":{"line":23,"column":24},"end":{"line":23,"column":36}}},"4":{"name":"(anonymous_4)","line":61,"loc":{"start":{"line":61,"column":5},"end":{"line":61,"column":17}}},"5":{"name":"(anonymous_5)","line":82,"loc":{"start":{"line":82,"column":5},"end":{"line":82,"column":17}}},"6":{"name":"(anonymous_6)","line":91,"loc":{"start":{"line":91,"column":77},"end":{"line":94,"column":10}}},"7":{"name":"(anonymous_7)","line":112,"loc":{"start":{"line":112,"column":83},"end":{"line":115,"column":10}},"skip":true},"8":{"name":"(anonymous_8)","line":123,"loc":{"start":{"line":123,"column":77},"end":{"line":126,"column":10}},"skip":true},"9":{"name":"(anonymous_9)","line":139,"loc":{"start":{"line":139,"column":12},"end":{"line":139,"column":40}},"skip":true},"10":{"name":"(anonymous_10)","line":147,"loc":{"start":{"line":147,"column":77},"end":{"line":150,"column":10}},"skip":true},"11":{"name":"(anonymous_11)","line":158,"loc":{"start":{"line":158,"column":83},"end":{"line":161,"column":10}},"skip":true},"12":{"name":"(anonymous_12)","line":169,"loc":{"start":{"line":169,"column":79},"end":{"line":172,"column":10}},"skip":true},"13":{"name":"(anonymous_13)","line":180,"loc":{"start":{"line":180,"column":75},"end":{"line":183,"column":10}},"skip":true}},"statementMap":{"1":{"start":{"line":12,"column":0},"end":{"line":195,"column":5}},"2":{"start":{"line":14,"column":4},"end":{"line":14,"column":14}},"3":{"start":{"line":19,"column":4},"end":{"line":56,"column":9}},"4":{"start":{"line":21,"column":8},"end":{"line":21,"column":19}},"5":{"start":{"line":23,"column":8},"end":{"line":35,"column":13}},"6":{"start":{"line":24,"column":12},"end":{"line":34,"column":13}},"7":{"start":{"line":25,"column":16},"end":{"line":28,"column":30}},"8":{"start":{"line":30,"column":16},"end":{"line":33,"column":27}},"9":{"start":{"line":37,"column":8},"end":{"line":39,"column":21}},"10":{"start":{"line":40,"column":8},"end":{"line":53,"column":9}},"11":{"start":{"line":43,"column":12},"end":{"line":46,"column":14}},"12":{"start":{"line":47,"column":12},"end":{"line":47,"column":18}},"13":{"start":{"line":50,"column":12},"end":{"line":51,"column":46}},"14":{"start":{"line":52,"column":12},"end":{"line":52,"column":18}},"15":{"start":{"line":55,"column":8},"end":{"line":55,"column":35}},"16":{"start":{"line":61,"column":4},"end":{"line":63,"column":9}},"17":{"start":{"line":62,"column":8},"end":{"line":62,"column":15}},"18":{"start":{"line":64,"column":4},"end":{"line":77,"column":5}},"19":{"start":{"line":70,"column":8},"end":{"line":70,"column":14}},"20":{"start":{"line":76,"column":8},"end":{"line":76,"column":14}},"21":{"start":{"line":82,"column":4},"end":{"line":84,"column":9}},"22":{"start":{"line":83,"column":8},"end":{"line":83,"column":15}},"23":{"start":{"line":85,"column":4},"end":{"line":194,"column":5}},"24":{"start":{"line":91,"column":8},"end":{"line":99,"column":10}},"25":{"start":{"line":98,"column":12},"end":{"line":98,"column":35}},"26":{"start":{"line":102,"column":8},"end":{"line":104,"column":63}},"27":{"start":{"line":105,"column":8},"end":{"line":105,"column":14}},"28":{"start":{"line":112,"column":8},"end":{"line":121,"column":10},"skip":true},"29":{"start":{"line":119,"column":12},"end":{"line":119,"column":55},"skip":true},"30":{"start":{"line":120,"column":12},"end":{"line":120,"column":48},"skip":true},"31":{"start":{"line":123,"column":8},"end":{"line":136,"column":10},"skip":true},"32":{"start":{"line":130,"column":12},"end":{"line":130,"column":76},"skip":true},"33":{"start":{"line":131,"column":12},"end":{"line":131,"column":73},"skip":true},"34":{"start":{"line":132,"column":12},"end":{"line":132,"column":74},"skip":true},"35":{"start":{"line":133,"column":12},"end":{"line":133,"column":79},"skip":true},"36":{"start":{"line":134,"column":12},"end":{"line":134,"column":25},"skip":true},"37":{"start":{"line":135,"column":12},"end":{"line":135,"column":45},"skip":true},"38":{"start":{"line":138,"column":8},"end":{"line":145,"column":14},"skip":true},"39":{"start":{"line":143,"column":16},"end":{"line":143,"column":29},"skip":true},"40":{"start":{"line":144,"column":16},"end":{"line":144,"column":55},"skip":true},"41":{"start":{"line":147,"column":8},"end":{"line":156,"column":10},"skip":true},"42":{"start":{"line":154,"column":12},"end":{"line":154,"column":25},"skip":true},"43":{"start":{"line":155,"column":12},"end":{"line":155,"column":45},"skip":true},"44":{"start":{"line":158,"column":8},"end":{"line":167,"column":10},"skip":true},"45":{"start":{"line":165,"column":12},"end":{"line":165,"column":25},"skip":true},"46":{"start":{"line":166,"column":12},"end":{"line":166,"column":48},"skip":true},"47":{"start":{"line":169,"column":8},"end":{"line":178,"column":10},"skip":true},"48":{"start":{"line":176,"column":12},"end":{"line":176,"column":25},"skip":true},"49":{"start":{"line":177,"column":12},"end":{"line":177,"column":46},"skip":true},"50":{"start":{"line":180,"column":8},"end":{"line":189,"column":10},"skip":true},"51":{"start":{"line":187,"column":12},"end":{"line":187,"column":94},"skip":true},"52":{"start":{"line":188,"column":12},"end":{"line":188,"column":48},"skip":true},"53":{"start":{"line":192,"column":8},"end":{"line":192,"column":35},"skip":true},"54":{"start":{"line":193,"column":8},"end":{"line":193,"column":14},"skip":true}},"branchMap":{"1":{"line":25,"type":"binary-expr","locations":[{"start":{"line":25,"column":23},"end":{"line":25,"column":62}},{"start":{"line":26,"column":20},"end":{"line":26,"column":70}},{"start":{"line":27,"column":20},"end":{"line":27,"column":71}},{"start":{"line":28,"column":20},"end":{"line":28,"column":29}}]},"2":{"line":30,"type":"binary-expr","locations":[{"start":{"line":30,"column":23},"end":{"line":30,"column":37}},{"start":{"line":31,"column":20},"end":{"line":31,"column":61}},{"start":{"line":32,"column":20},"end":{"line":32,"column":70}},{"start":{"line":33,"column":20},"end":{"line":33,"column":26}}]},"3":{"line":37,"type":"cond-expr","locations":[{"start":{"line":38,"column":14},"end":{"line":38,"column":20}},{"start":{"line":39,"column":14},"end":{"line":39,"column":20}}]},"4":{"line":40,"type":"switch","locations":[{"start":{"line":42,"column":8},"end":{"line":47,"column":18}},{"start":{"line":49,"column":8},"end":{"line":52,"column":18}}]},"5":{"line":44,"type":"binary-expr","locations":[{"start":{"line":44,"column":16},"end":{"line":44,"column":44}},{"start":{"line":44,"column":48},"end":{"line":44,"column":66}}]},"6":{"line":50,"type":"binary-expr","locations":[{"start":{"line":50,"column":21},"end":{"line":50,"column":49}},{"start":{"line":50,"column":53},"end":{"line":50,"column":72}}]},"7":{"line":64,"type":"switch","locations":[{"start":{"line":69,"column":4},"end":{"line":70,"column":14}},{"start":{"line":75,"column":4},"end":{"line":76,"column":14}}]},"8":{"line":85,"type":"switch","locations":[{"start":{"line":90,"column":4},"end":{"line":105,"column":14}},{"start":{"line":111,"column":4},"end":{"line":193,"column":14},"skip":true}]},"9":{"line":91,"type":"binary-expr","locations":[{"start":{"line":91,"column":42},"end":{"line":91,"column":73}},{"start":{"line":91,"column":77},"end":{"line":99,"column":9}}]},"10":{"line":102,"type":"binary-expr","locations":[{"start":{"line":102,"column":18},"end":{"line":102,"column":32}},{"start":{"line":103,"column":12},"end":{"line":103,"column":53}},{"start":{"line":104,"column":12},"end":{"line":104,"column":61}}]},"11":{"line":112,"type":"binary-expr","locations":[{"start":{"line":112,"column":45},"end":{"line":112,"column":79},"skip":true},{"start":{"line":112,"column":83},"end":{"line":121,"column":9},"skip":true}]},"12":{"line":123,"type":"binary-expr","locations":[{"start":{"line":123,"column":42},"end":{"line":123,"column":73},"skip":true},{"start":{"line":123,"column":77},"end":{"line":136,"column":9},"skip":true}]},"13":{"line":138,"type":"binary-expr","locations":[{"start":{"line":138,"column":48},"end":{"line":138,"column":85},"skip":true},{"start":{"line":139,"column":12},"end":{"line":145,"column":13},"skip":true}]},"14":{"line":147,"type":"binary-expr","locations":[{"start":{"line":147,"column":42},"end":{"line":147,"column":73},"skip":true},{"start":{"line":147,"column":77},"end":{"line":156,"column":9},"skip":true}]},"15":{"line":158,"type":"binary-expr","locations":[{"start":{"line":158,"column":45},"end":{"line":158,"column":79},"skip":true},{"start":{"line":158,"column":83},"end":{"line":167,"column":9},"skip":true}]},"16":{"line":169,"type":"binary-expr","locations":[{"start":{"line":169,"column":43},"end":{"line":169,"column":75},"skip":true},{"start":{"line":169,"column":79},"end":{"line":178,"column":9},"skip":true}]},"17":{"line":180,"type":"binary-expr","locations":[{"start":{"line":180,"column":41},"end":{"line":180,"column":71},"skip":true},{"start":{"line":180,"column":75},"end":{"line":189,"column":9},"skip":true}]}},"code":["/* istanbul instrument in package npmtest_inversify */","/*jslint","    bitwise: true,","    browser: true,","    maxerr: 8,","    maxlen: 96,","    node: true,","    nomen: true,","    regexp: true,","    stupid: true","*/","(function () {","    'use strict';","    var local;","","","","    // run shared js-env code - pre-init","    (function () {","        // init local","        local = {};","        // init modeJs","        local.modeJs = (function () {","            try {","                return typeof navigator.userAgent === 'string' &&","                    typeof document.querySelector('body') === 'object' &&","                    typeof XMLHttpRequest.prototype.open === 'function' &&","                    'browser';","            } catch (errorCaughtBrowser) {","                return module.exports &&","                    typeof process.versions.node === 'string' &&","                    typeof require('http').createServer === 'function' &&","                    'node';","            }","        }());","        // init global","        local.global = local.modeJs === 'browser'","            ? window","            : global;","        switch (local.modeJs) {","        // re-init local from window.local","        case 'browser':","            local = local.global.utility2.objectSetDefault(","                local.global.utility2_rollup || local.global.local,","                local.global.utility2","            );","            break;","        // re-init local from example.js","        case 'node':","            local = (local.global.utility2_rollup || require('utility2'))","                .requireExampleJsFromReadme();","            break;","        }","        // export local","        local.global.local = local;","    }());","","","","    // run shared js-env code - function","    (function () {","        return;","    }());","    switch (local.modeJs) {","","","","    // run browser js-env code - function","    case 'browser':","        break;","","","","    // run node js-env code - function","    case 'node':","        break;","    }","","","","    // run shared js-env code - post-init","    (function () {","        return;","    }());","    switch (local.modeJs) {","","","","    // run browser js-env code - post-init","    case 'browser':","        local.testCase_browser_nullCase = local.testCase_browser_nullCase || function (","            options,","            onError","        ) {","        /*","         * this function will test browsers's null-case handling-behavior-behavior","         */","            onError(null, options);","        };","","        // run tests","        local.nop(local.modeTest &&","            document.querySelector('#testRunButton1') &&","            document.querySelector('#testRunButton1').click());","        break;","","","","    // run node js-env code - post-init","    /* istanbul ignore next */","    case 'node':","        local.testCase_buildApidoc_default = local.testCase_buildApidoc_default || function (","            options,","            onError","        ) {","        /*","         * this function will test buildApidoc's default handling-behavior-behavior","         */","            options = { modulePathList: module.paths };","            local.buildApidoc(options, onError);","        };","","        local.testCase_buildApp_default = local.testCase_buildApp_default || function (","            options,","            onError","        ) {","        /*","         * this function will test buildApp's default handling-behavior-behavior","         */","            local.testCase_buildReadme_default(options, local.onErrorThrow);","            local.testCase_buildLib_default(options, local.onErrorThrow);","            local.testCase_buildTest_default(options, local.onErrorThrow);","            local.testCase_buildCustomOrg_default(options, local.onErrorThrow);","            options = [];","            local.buildApp(options, onError);","        };","","        local.testCase_buildCustomOrg_default = local.testCase_buildCustomOrg_default ||","            function (options, onError) {","            /*","             * this function will test buildCustomOrg's default handling-behavior","             */","                options = {};","                local.buildCustomOrg(options, onError);","            };","","        local.testCase_buildLib_default = local.testCase_buildLib_default || function (","            options,","            onError","        ) {","        /*","         * this function will test buildLib's default handling-behavior","         */","            options = {};","            local.buildLib(options, onError);","        };","","        local.testCase_buildReadme_default = local.testCase_buildReadme_default || function (","            options,","            onError","        ) {","        /*","         * this function will test buildReadme's default handling-behavior-behavior","         */","            options = {};","            local.buildReadme(options, onError);","        };","","        local.testCase_buildTest_default = local.testCase_buildTest_default || function (","            options,","            onError","        ) {","        /*","         * this function will test buildTest's default handling-behavior","         */","            options = {};","            local.buildTest(options, onError);","        };","","        local.testCase_webpage_default = local.testCase_webpage_default || function (","            options,","            onError","        ) {","        /*","         * this function will test webpage's default handling-behavior","         */","            options = { modeCoverageMerge: true, url: local.serverLocalHost + '?modeTest=1' };","            local.browserTest(options, onError);","        };","","        // run test-server","        local.testRunServer(local);","        break;","    }","}());",""],"l":{"12":2,"14":2,"19":2,"21":2,"23":2,"24":2,"25":2,"30":1,"37":2,"40":2,"43":1,"47":1,"50":1,"52":1,"55":2,"61":2,"62":2,"64":2,"70":1,"76":1,"82":2,"83":2,"85":2,"91":1,"98":1,"102":1,"105":1,"112":1,"119":1,"120":1,"123":1,"130":1,"131":1,"132":1,"133":1,"134":1,"135":1,"138":1,"143":2,"144":2,"147":1,"154":2,"155":2,"158":1,"165":2,"166":2,"169":1,"176":2,"177":2,"180":1,"187":1,"188":1,"192":1,"193":1}},"/home/travis/build/npmtest/node-npmtest-inversify/lib.npmtest_inversify.js":{"path":"/home/travis/build/npmtest/node-npmtest-inversify/lib.npmtest_inversify.js","s":{"1":2,"2":2,"3":2,"4":2,"5":2,"6":2,"7":2,"8":1,"9":2,"10":2,"11":2,"12":2,"13":1,"14":1,"15":1,"16":1},"b":{"1":[2,1,1,1],"2":[1,1,1,1],"3":[1,1],"4":[2,2],"5":[1,1]},"f":{"1":2,"2":2,"3":2},"fnMap":{"1":{"name":"(anonymous_1)","line":12,"loc":{"start":{"line":12,"column":1},"end":{"line":12,"column":13}}},"2":{"name":"(anonymous_2)","line":19,"loc":{"start":{"line":19,"column":5},"end":{"line":19,"column":17}}},"3":{"name":"(anonymous_3)","line":23,"loc":{"start":{"line":23,"column":24},"end":{"line":23,"column":36}}}},"statementMap":{"1":{"start":{"line":12,"column":0},"end":{"line":53,"column":5}},"2":{"start":{"line":14,"column":4},"end":{"line":14,"column":14}},"3":{"start":{"line":19,"column":4},"end":{"line":52,"column":9}},"4":{"start":{"line":21,"column":8},"end":{"line":21,"column":19}},"5":{"start":{"line":23,"column":8},"end":{"line":35,"column":13}},"6":{"start":{"line":24,"column":12},"end":{"line":34,"column":13}},"7":{"start":{"line":25,"column":16},"end":{"line":28,"column":30}},"8":{"start":{"line":30,"column":16},"end":{"line":33,"column":27}},"9":{"start":{"line":37,"column":8},"end":{"line":39,"column":21}},"10":{"start":{"line":41,"column":8},"end":{"line":41,"column":54}},"11":{"start":{"line":43,"column":8},"end":{"line":43,"column":54}},"12":{"start":{"line":45,"column":8},"end":{"line":51,"column":9}},"13":{"start":{"line":46,"column":12},"end":{"line":46,"column":60}},"14":{"start":{"line":48,"column":12},"end":{"line":48,"column":35}},"15":{"start":{"line":49,"column":12},"end":{"line":49,"column":49}},"16":{"start":{"line":50,"column":12},"end":{"line":50,"column":43}}},"branchMap":{"1":{"line":25,"type":"binary-expr","locations":[{"start":{"line":25,"column":23},"end":{"line":25,"column":62}},{"start":{"line":26,"column":20},"end":{"line":26,"column":70}},{"start":{"line":27,"column":20},"end":{"line":27,"column":71}},{"start":{"line":28,"column":20},"end":{"line":28,"column":29}}]},"2":{"line":30,"type":"binary-expr","locations":[{"start":{"line":30,"column":23},"end":{"line":30,"column":37}},{"start":{"line":31,"column":20},"end":{"line":31,"column":61}},{"start":{"line":32,"column":20},"end":{"line":32,"column":70}},{"start":{"line":33,"column":20},"end":{"line":33,"column":26}}]},"3":{"line":37,"type":"cond-expr","locations":[{"start":{"line":38,"column":14},"end":{"line":38,"column":20}},{"start":{"line":39,"column":14},"end":{"line":39,"column":20}}]},"4":{"line":41,"type":"binary-expr","locations":[{"start":{"line":41,"column":16},"end":{"line":41,"column":44}},{"start":{"line":41,"column":48},"end":{"line":41,"column":53}}]},"5":{"line":45,"type":"if","locations":[{"start":{"line":45,"column":8},"end":{"line":45,"column":8}},{"start":{"line":45,"column":8},"end":{"line":45,"column":8}}]}},"code":["/* istanbul instrument in package npmtest_inversify */","/*jslint","    bitwise: true,","    browser: true,","    maxerr: 8,","    maxlen: 96,","    node: true,","    nomen: true,","    regexp: true,","    stupid: true","*/","(function () {","    'use strict';","    var local;","","","","    // run shared js-env code - pre-init","    (function () {","        // init local","        local = {};","        // init modeJs","        local.modeJs = (function () {","            try {","                return typeof navigator.userAgent === 'string' &&","                    typeof document.querySelector('body') === 'object' &&","                    typeof XMLHttpRequest.prototype.open === 'function' &&","                    'browser';","            } catch (errorCaughtBrowser) {","                return module.exports &&","                    typeof process.versions.node === 'string' &&","                    typeof require('http').createServer === 'function' &&","                    'node';","            }","        }());","        // init global","        local.global = local.modeJs === 'browser'","            ? window","            : global;","        // init utility2_rollup","        local = local.global.utility2_rollup || local;","        // init lib","        local.local = local.npmtest_inversify = local;","        // init exports","        if (local.modeJs === 'browser') {","            local.global.utility2_npmtest_inversify = local;","        } else {","            module.exports = local;","            module.exports.__dirname = __dirname;","            module.exports.module = module;","        }","    }());","}());",""],"l":{"12":2,"14":2,"19":2,"21":2,"23":2,"24":2,"25":2,"30":1,"37":2,"41":2,"43":2,"45":2,"46":1,"48":1,"49":1,"50":1}},"/home/travis/build/npmtest/node-npmtest-inversify/example.js":{"path":"/home/travis/build/npmtest/node-npmtest-inversify/example.js","s":{"1":2,"2":2,"3":2,"4":2,"5":2,"6":2,"7":2,"8":1,"9":2,"10":2,"11":2,"12":2,"13":1,"14":2,"15":2,"16":2,"17":2,"18":2,"19":0,"20":2,"21":1,"22":1,"23":1,"24":1,"25":1,"26":0,"27":0,"28":1,"29":1,"30":2,"31":0,"32":0,"33":0,"34":1,"35":2,"36":2,"37":3,"38":3,"39":3,"40":3,"41":0,"42":3,"43":3,"44":3,"45":1,"46":3,"47":1,"48":1,"49":1,"50":1,"51":1,"52":1,"53":1,"54":1,"55":1,"56":1,"57":0,"58":1,"59":6,"60":6,"61":1,"62":2,"63":0,"64":2,"65":1,"66":1,"67":0,"68":0,"69":0,"70":0,"71":0,"72":0,"73":0,"74":0,"75":0,"76":0,"77":0,"78":0,"79":0,"80":0,"81":0,"82":0,"83":0},"b":{"1":[2,1,1,1],"2":[1,1,1,1],"3":[1,1],"4":[2,2],"5":[1,1],"6":[1,1],"7":[2,0],"8":[2,1,1,1,1,1],"9":[0,2,0],"10":[1,1],"11":[2,1,1],"12":[1,0],"13":[0,2],"14":[2,0,0,0,0,0,0],"15":[0,3],"16":[3,0],"17":[1,1],"18":[0,1],"19":[1,2,0,2],"20":[1,0],"21":[1,1],"22":[0,0],"23":[0,0],"24":[0,0],"25":[0,0],"26":[0,0],"27":[0,0],"28":[0,0]},"f":{"1":2,"2":2,"3":2,"4":2,"5":2,"6":2,"7":3,"8":3,"9":3,"10":1,"11":6,"12":0},"fnMap":{"1":{"name":"(anonymous_1)","line":26,"loc":{"start":{"line":26,"column":1},"end":{"line":26,"column":13}}},"2":{"name":"(anonymous_2)","line":33,"loc":{"start":{"line":33,"column":5},"end":{"line":33,"column":17}}},"3":{"name":"(anonymous_3)","line":37,"loc":{"start":{"line":37,"column":24},"end":{"line":37,"column":36}}},"4":{"name":"(anonymous_4)","line":69,"loc":{"start":{"line":69,"column":31},"end":{"line":69,"column":48}},"skip":true},"5":{"name":"(anonymous_5)","line":78,"loc":{"start":{"line":78,"column":26},"end":{"line":78,"column":45}},"skip":true},"6":{"name":"(anonymous_6)","line":123,"loc":{"start":{"line":123,"column":33},"end":{"line":123,"column":48}},"skip":true},"7":{"name":"(anonymous_7)","line":125,"loc":{"start":{"line":125,"column":27},"end":{"line":125,"column":39}},"skip":true},"8":{"name":"(anonymous_8)","line":133,"loc":{"start":{"line":133,"column":59},"end":{"line":133,"column":74}},"skip":true},"9":{"name":"(anonymous_9)","line":143,"loc":{"start":{"line":143,"column":45},"end":{"line":143,"column":62}},"skip":true},"10":{"name":"(anonymous_10)","line":144,"loc":{"start":{"line":144,"column":73},"end":{"line":144,"column":92}},"skip":true},"11":{"name":"(anonymous_11)","line":272,"loc":{"start":{"line":272,"column":51},"end":{"line":272,"column":77}},"skip":true},"12":{"name":"(anonymous_12)","line":315,"loc":{"start":{"line":315,"column":32},"end":{"line":315,"column":61}},"skip":true}},"statementMap":{"1":{"start":{"line":26,"column":0},"end":{"line":326,"column":5}},"2":{"start":{"line":28,"column":4},"end":{"line":28,"column":14}},"3":{"start":{"line":33,"column":4},"end":{"line":60,"column":9}},"4":{"start":{"line":35,"column":8},"end":{"line":35,"column":19}},"5":{"start":{"line":37,"column":8},"end":{"line":49,"column":13}},"6":{"start":{"line":38,"column":12},"end":{"line":48,"column":13}},"7":{"start":{"line":39,"column":16},"end":{"line":42,"column":30}},"8":{"start":{"line":44,"column":16},"end":{"line":47,"column":27}},"9":{"start":{"line":51,"column":8},"end":{"line":53,"column":21}},"10":{"start":{"line":55,"column":8},"end":{"line":57,"column":45}},"11":{"start":{"line":59,"column":8},"end":{"line":59,"column":35}},"12":{"start":{"line":61,"column":4},"end":{"line":325,"column":5}},"13":{"start":{"line":69,"column":8},"end":{"line":121,"column":10},"skip":true},"14":{"start":{"line":70,"column":12},"end":{"line":88,"column":13},"skip":true},"15":{"start":{"line":76,"column":16},"end":{"line":87,"column":19},"skip":true},"16":{"start":{"line":79,"column":20},"end":{"line":86,"column":21},"skip":true},"17":{"start":{"line":82,"column":24},"end":{"line":82,"column":43},"skip":true},"18":{"start":{"line":83,"column":24},"end":{"line":83,"column":30},"skip":true},"19":{"start":{"line":85,"column":24},"end":{"line":85,"column":49},"skip":true},"20":{"start":{"line":89,"column":12},"end":{"line":107,"column":13},"skip":true},"21":{"start":{"line":92,"column":16},"end":{"line":102,"column":17},"skip":true},"22":{"start":{"line":93,"column":20},"end":{"line":93,"column":86},"skip":true},"23":{"start":{"line":94,"column":20},"end":{"line":95,"column":45},"skip":true},"24":{"start":{"line":96,"column":20},"end":{"line":96,"column":42},"skip":true},"25":{"start":{"line":97,"column":20},"end":{"line":97,"column":48},"skip":true},"26":{"start":{"line":100,"column":20},"end":{"line":100,"column":85},"skip":true},"27":{"start":{"line":101,"column":20},"end":{"line":101,"column":96},"skip":true},"28":{"start":{"line":103,"column":16},"end":{"line":103,"column":22},"skip":true},"29":{"start":{"line":106,"column":16},"end":{"line":106,"column":22},"skip":true},"30":{"start":{"line":108,"column":12},"end":{"line":120,"column":13},"skip":true},"31":{"start":{"line":114,"column":16},"end":{"line":119,"column":17},"skip":true},"32":{"start":{"line":116,"column":20},"end":{"line":116,"column":78},"skip":true},"33":{"start":{"line":118,"column":20},"end":{"line":118,"column":47},"skip":true},"34":{"start":{"line":123,"column":8},"end":{"line":141,"column":11},"skip":true},"35":{"start":{"line":124,"column":12},"end":{"line":124,"column":54},"skip":true},"36":{"start":{"line":125,"column":12},"end":{"line":140,"column":14},"skip":true},"37":{"start":{"line":126,"column":16},"end":{"line":126,"column":28},"skip":true},"38":{"start":{"line":127,"column":16},"end":{"line":127,"column":69},"skip":true},"39":{"start":{"line":128,"column":16},"end":{"line":128,"column":75},"skip":true},"40":{"start":{"line":129,"column":16},"end":{"line":131,"column":17},"skip":true},"41":{"start":{"line":130,"column":20},"end":{"line":130,"column":27},"skip":true},"42":{"start":{"line":133,"column":16},"end":{"line":137,"column":36},"skip":true},"43":{"start":{"line":134,"column":20},"end":{"line":136,"column":55},"skip":true},"44":{"start":{"line":139,"column":16},"end":{"line":139,"column":57},"skip":true},"45":{"start":{"line":143,"column":8},"end":{"line":147,"column":11},"skip":true},"46":{"start":{"line":144,"column":12},"end":{"line":146,"column":15},"skip":true},"47":{"start":{"line":145,"column":16},"end":{"line":145,"column":70},"skip":true},"48":{"start":{"line":149,"column":8},"end":{"line":149,"column":31},"skip":true},"49":{"start":{"line":150,"column":8},"end":{"line":150,"column":14},"skip":true},"50":{"start":{"line":158,"column":8},"end":{"line":158,"column":31},"skip":true},"51":{"start":{"line":160,"column":8},"end":{"line":160,"column":33},"skip":true},"52":{"start":{"line":161,"column":8},"end":{"line":161,"column":37},"skip":true},"53":{"start":{"line":162,"column":8},"end":{"line":162,"column":35},"skip":true},"54":{"start":{"line":164,"column":8},"end":{"line":164,"column":50},"skip":true},"55":{"start":{"line":166,"column":8},"end":{"line":256,"column":2},"skip":true},"56":{"start":{"line":258,"column":8},"end":{"line":286,"column":9},"skip":true},"57":{"start":{"line":259,"column":12},"end":{"line":269,"column":14},"skip":true},"58":{"start":{"line":271,"column":12},"end":{"line":285,"column":19},"skip":true},"59":{"start":{"line":274,"column":20},"end":{"line":274,"column":35},"skip":true},"60":{"start":{"line":275,"column":20},"end":{"line":284,"column":21},"skip":true},"61":{"start":{"line":277,"column":24},"end":{"line":277,"column":64},"skip":true},"62":{"start":{"line":279,"column":24},"end":{"line":279,"column":40},"skip":true},"63":{"start":{"line":281,"column":24},"end":{"line":281,"column":40},"skip":true},"64":{"start":{"line":283,"column":24},"end":{"line":283,"column":39},"skip":true},"65":{"start":{"line":288,"column":8},"end":{"line":290,"column":9},"skip":true},"66":{"start":{"line":289,"column":12},"end":{"line":289,"column":18},"skip":true},"67":{"start":{"line":291,"column":8},"end":{"line":293,"column":54},"skip":true},"68":{"start":{"line":296,"column":8},"end":{"line":301,"column":37},"skip":true},"69":{"start":{"line":303,"column":8},"end":{"line":303,"column":82},"skip":true},"70":{"start":{"line":306,"column":8},"end":{"line":308,"column":9},"skip":true},"71":{"start":{"line":307,"column":12},"end":{"line":307,"column":82},"skip":true},"72":{"start":{"line":310,"column":8},"end":{"line":312,"column":9},"skip":true},"73":{"start":{"line":311,"column":12},"end":{"line":311,"column":18},"skip":true},"74":{"start":{"line":313,"column":8},"end":{"line":313,"column":54},"skip":true},"75":{"start":{"line":314,"column":8},"end":{"line":314,"column":69},"skip":true},"76":{"start":{"line":315,"column":8},"end":{"line":323,"column":36},"skip":true},"77":{"start":{"line":316,"column":12},"end":{"line":316,"column":61},"skip":true},"78":{"start":{"line":317,"column":12},"end":{"line":320,"column":13},"skip":true},"79":{"start":{"line":318,"column":16},"end":{"line":318,"column":75},"skip":true},"80":{"start":{"line":319,"column":16},"end":{"line":319,"column":23},"skip":true},"81":{"start":{"line":321,"column":12},"end":{"line":321,"column":38},"skip":true},"82":{"start":{"line":322,"column":12},"end":{"line":322,"column":27},"skip":true},"83":{"start":{"line":324,"column":8},"end":{"line":324,"column":14},"skip":true}},"branchMap":{"1":{"line":39,"type":"binary-expr","locations":[{"start":{"line":39,"column":23},"end":{"line":39,"column":62}},{"start":{"line":40,"column":20},"end":{"line":40,"column":70}},{"start":{"line":41,"column":20},"end":{"line":41,"column":71}},{"start":{"line":42,"column":20},"end":{"line":42,"column":29}}]},"2":{"line":44,"type":"binary-expr","locations":[{"start":{"line":44,"column":23},"end":{"line":44,"column":37}},{"start":{"line":45,"column":20},"end":{"line":45,"column":61}},{"start":{"line":46,"column":20},"end":{"line":46,"column":70}},{"start":{"line":47,"column":20},"end":{"line":47,"column":26}}]},"3":{"line":51,"type":"cond-expr","locations":[{"start":{"line":52,"column":14},"end":{"line":52,"column":20}},{"start":{"line":53,"column":14},"end":{"line":53,"column":20}}]},"4":{"line":55,"type":"binary-expr","locations":[{"start":{"line":55,"column":16},"end":{"line":55,"column":44}},{"start":{"line":55,"column":49},"end":{"line":57,"column":43}}]},"5":{"line":55,"type":"cond-expr","locations":[{"start":{"line":56,"column":14},"end":{"line":56,"column":53}},{"start":{"line":57,"column":14},"end":{"line":57,"column":43}}]},"6":{"line":61,"type":"switch","locations":[{"start":{"line":68,"column":4},"end":{"line":150,"column":14},"skip":true},{"start":{"line":156,"column":4},"end":{"line":324,"column":14},"skip":true}]},"7":{"line":70,"type":"if","locations":[{"start":{"line":70,"column":12},"end":{"line":70,"column":12},"skip":true},{"start":{"line":70,"column":12},"end":{"line":70,"column":12},"skip":true}]},"8":{"line":70,"type":"binary-expr","locations":[{"start":{"line":70,"column":16},"end":{"line":70,"column":22},"skip":true},{"start":{"line":70,"column":27},"end":{"line":70,"column":32},"skip":true},{"start":{"line":71,"column":20},"end":{"line":71,"column":39},"skip":true},{"start":{"line":72,"column":20},"end":{"line":72,"column":49},"skip":true},{"start":{"line":73,"column":20},"end":{"line":73,"column":58},"skip":true},{"start":{"line":74,"column":20},"end":{"line":74,"column":69},"skip":true}]},"9":{"line":79,"type":"switch","locations":[{"start":{"line":80,"column":20},"end":{"line":80,"column":33},"skip":true},{"start":{"line":81,"column":20},"end":{"line":83,"column":30},"skip":true},{"start":{"line":84,"column":20},"end":{"line":85,"column":49},"skip":true}]},"10":{"line":89,"type":"switch","locations":[{"start":{"line":90,"column":12},"end":{"line":103,"column":22},"skip":true},{"start":{"line":105,"column":12},"end":{"line":106,"column":22},"skip":true}]},"11":{"line":89,"type":"binary-expr","locations":[{"start":{"line":89,"column":20},"end":{"line":89,"column":25},"skip":true},{"start":{"line":89,"column":29},"end":{"line":89,"column":48},"skip":true},{"start":{"line":89,"column":52},"end":{"line":89,"column":74},"skip":true}]},"12":{"line":92,"type":"if","locations":[{"start":{"line":92,"column":16},"end":{"line":92,"column":16},"skip":true},{"start":{"line":92,"column":16},"end":{"line":92,"column":16},"skip":true}]},"13":{"line":108,"type":"if","locations":[{"start":{"line":108,"column":12},"end":{"line":108,"column":12},"skip":true},{"start":{"line":108,"column":12},"end":{"line":108,"column":12},"skip":true}]},"14":{"line":108,"type":"binary-expr","locations":[{"start":{"line":108,"column":16},"end":{"line":108,"column":61},"skip":true},{"start":{"line":108,"column":66},"end":{"line":108,"column":72},"skip":true},{"start":{"line":108,"column":77},"end":{"line":108,"column":82},"skip":true},{"start":{"line":109,"column":20},"end":{"line":109,"column":39},"skip":true},{"start":{"line":110,"column":20},"end":{"line":110,"column":49},"skip":true},{"start":{"line":111,"column":20},"end":{"line":111,"column":58},"skip":true},{"start":{"line":112,"column":20},"end":{"line":112,"column":68},"skip":true}]},"15":{"line":129,"type":"if","locations":[{"start":{"line":129,"column":16},"end":{"line":129,"column":16},"skip":true},{"start":{"line":129,"column":16},"end":{"line":129,"column":16},"skip":true}]},"16":{"line":134,"type":"cond-expr","locations":[{"start":{"line":135,"column":26},"end":{"line":135,"column":29},"skip":true},{"start":{"line":136,"column":26},"end":{"line":136,"column":54},"skip":true}]},"17":{"line":164,"type":"binary-expr","locations":[{"start":{"line":164,"column":27},"end":{"line":164,"column":43},"skip":true},{"start":{"line":164,"column":47},"end":{"line":164,"column":49},"skip":true}]},"18":{"line":258,"type":"if","locations":[{"start":{"line":258,"column":8},"end":{"line":258,"column":8},"skip":true},{"start":{"line":258,"column":8},"end":{"line":258,"column":8},"skip":true}]},"19":{"line":275,"type":"switch","locations":[{"start":{"line":276,"column":20},"end":{"line":277,"column":64},"skip":true},{"start":{"line":278,"column":20},"end":{"line":279,"column":40},"skip":true},{"start":{"line":280,"column":20},"end":{"line":281,"column":40},"skip":true},{"start":{"line":282,"column":20},"end":{"line":283,"column":39},"skip":true}]},"20":{"line":288,"type":"if","locations":[{"start":{"line":288,"column":8},"end":{"line":288,"column":8},"skip":true},{"start":{"line":288,"column":8},"end":{"line":288,"column":8},"skip":true}]},"21":{"line":288,"type":"binary-expr","locations":[{"start":{"line":288,"column":12},"end":{"line":288,"column":40},"skip":true},{"start":{"line":288,"column":44},"end":{"line":288,"column":67},"skip":true}]},"22":{"line":292,"type":"binary-expr","locations":[{"start":{"line":292,"column":12},"end":{"line":292,"column":50},"skip":true},{"start":{"line":293,"column":12},"end":{"line":293,"column":53},"skip":true}]},"23":{"line":297,"type":"binary-expr","locations":[{"start":{"line":297,"column":12},"end":{"line":297,"column":67},"skip":true},{"start":{"line":298,"column":12},"end":{"line":301,"column":36},"skip":true}]},"24":{"line":303,"type":"binary-expr","locations":[{"start":{"line":303,"column":43},"end":{"line":303,"column":75},"skip":true},{"start":{"line":303,"column":79},"end":{"line":303,"column":81},"skip":true}]},"25":{"line":306,"type":"if","locations":[{"start":{"line":306,"column":8},"end":{"line":306,"column":8},"skip":true},{"start":{"line":306,"column":8},"end":{"line":306,"column":8},"skip":true}]},"26":{"line":310,"type":"if","locations":[{"start":{"line":310,"column":8},"end":{"line":310,"column":8},"skip":true},{"start":{"line":310,"column":8},"end":{"line":310,"column":8},"skip":true}]},"27":{"line":313,"type":"binary-expr","locations":[{"start":{"line":313,"column":27},"end":{"line":313,"column":43},"skip":true},{"start":{"line":313,"column":47},"end":{"line":313,"column":53},"skip":true}]},"28":{"line":317,"type":"if","locations":[{"start":{"line":317,"column":12},"end":{"line":317,"column":12},"skip":true},{"start":{"line":317,"column":12},"end":{"line":317,"column":12},"skip":true}]}},"code":["/*","example.js","","quickstart example","","instruction","    1. save this script as example.js","    2. run the shell command:","        $ npm install npmtest-inversify && PORT=8081 node example.js","    3. play with the browser-demo on http://127.0.0.1:8081","*/","","","","/* istanbul instrument in package npmtest_inversify */","/*jslint","    bitwise: true,","    browser: true,","    maxerr: 8,","    maxlen: 96,","    node: true,","    nomen: true,","    regexp: true,","    stupid: true","*/","(function () {","    'use strict';","    var local;","","","","    // run shared js-env code - pre-init","    (function () {","        // init local","        local = {};","        // init modeJs","        local.modeJs = (function () {","            try {","                return typeof navigator.userAgent === 'string' &&","                    typeof document.querySelector('body') === 'object' &&","                    typeof XMLHttpRequest.prototype.open === 'function' &&","                    'browser';","            } catch (errorCaughtBrowser) {","                return module.exports &&","                    typeof process.versions.node === 'string' &&","                    typeof require('http').createServer === 'function' &&","                    'node';","            }","        }());","        // init global","        local.global = local.modeJs === 'browser'","            ? window","            : global;","        // init utility2_rollup","        local = local.global.utility2_rollup || (local.modeJs === 'browser'","            ? local.global.utility2_npmtest_inversify","            : global.utility2_moduleExports);","        // export local","        local.global.local = local;","    }());","    switch (local.modeJs) {","","","","    // post-init","    // run browser js-env code - post-init","    /* istanbul ignore next */","    case 'browser':","        local.testRunBrowser = function (event) {","            if (!event || (event &&","                    event.currentTarget &&","                    event.currentTarget.className &&","                    event.currentTarget.className.includes &&","                    event.currentTarget.className.includes('onreset'))) {","                // reset output","                Array.from(","                    document.querySelectorAll('body > .resettable')","                ).forEach(function (element) {","                    switch (element.tagName) {","                    case 'INPUT':","                    case 'TEXTAREA':","                        element.value = '';","                        break;","                    default:","                        element.textContent = '';","                    }","                });","            }","            switch (event && event.currentTarget && event.currentTarget.id) {","            case 'testRunButton1':","                // show tests","                if (document.querySelector('#testReportDiv1').style.display === 'none') {","                    document.querySelector('#testReportDiv1').style.display = 'block';","                    document.querySelector('#testRunButton1').textContent =","                        'hide internal test';","                    local.modeTest = true;","                    local.testRunDefault(local);","                // hide tests","                } else {","                    document.querySelector('#testReportDiv1').style.display = 'none';","                    document.querySelector('#testRunButton1').textContent = 'run internal test';","                }","                break;","            // custom-case","            default:","                break;","            }","            if (document.querySelector('#inputTextareaEval1') && (!event || (event &&","                    event.currentTarget &&","                    event.currentTarget.className &&","                    event.currentTarget.className.includes &&","                    event.currentTarget.className.includes('oneval')))) {","                // try to eval input-code","                try {","                    /*jslint evil: true*/","                    eval(document.querySelector('#inputTextareaEval1').value);","                } catch (errorCaught) {","                    console.error(errorCaught);","                }","            }","        };","        // log stderr and stdout to #outputTextareaStdout1","        ['error', 'log'].forEach(function (key) {","            console[key + '_original'] = console[key];","            console[key] = function () {","                var element;","                console[key + '_original'].apply(console, arguments);","                element = document.querySelector('#outputTextareaStdout1');","                if (!element) {","                    return;","                }","                // append text to #outputTextareaStdout1","                element.value += Array.from(arguments).map(function (arg) {","                    return typeof arg === 'string'","                        ? arg","                        : JSON.stringify(arg, null, 4);","                }).join(' ') + '\\n';","                // scroll textarea to bottom","                element.scrollTop = element.scrollHeight;","            };","        });","        // init event-handling","        ['change', 'click', 'keyup'].forEach(function (event) {","            Array.from(document.querySelectorAll('.on' + event)).forEach(function (element) {","                element.addEventListener(event, local.testRunBrowser);","            });","        });","        // run tests","        local.testRunBrowser();","        break;","","","","    // run node js-env code - post-init","    /* istanbul ignore next */","    case 'node':","        // export local","        module.exports = local;","        // require modules","        local.fs = require('fs');","        local.http = require('http');","        local.url = require('url');","        // init assets","        local.assetsDict = local.assetsDict || {};","        /* jslint-ignore-begin */","        local.assetsDict['/assets.index.template.html'] = '\\","<!doctype html>\\n\\","<html lang=\"en\">\\n\\","<head>\\n\\","<meta charset=\"UTF-8\">\\n\\","<meta name=\"viewport\" content=\"width=device-width, initial-scale=1\">\\n\\","<title>{{env.npm_package_name}} (v{{env.npm_package_version}})</title>\\n\\","<style>\\n\\","/*csslint\\n\\","    box-sizing: false,\\n\\","    universal-selector: false\\n\\","*/\\n\\","* {\\n\\","    box-sizing: border-box;\\n\\","}\\n\\","body {\\n\\","    background: #dde;\\n\\","    font-family: Arial, Helvetica, sans-serif;\\n\\","    margin: 2rem;\\n\\","}\\n\\","body > * {\\n\\","    margin-bottom: 1rem;\\n\\","}\\n\\",".utility2FooterDiv {\\n\\","    margin-top: 20px;\\n\\","    text-align: center;\\n\\","}\\n\\","</style>\\n\\","<style>\\n\\","/*csslint\\n\\","*/\\n\\","textarea {\\n\\","    font-family: monospace;\\n\\","    height: 10rem;\\n\\","    width: 100%;\\n\\","}\\n\\","textarea[readonly] {\\n\\","    background: #ddd;\\n\\","}\\n\\","</style>\\n\\","</head>\\n\\","<body>\\n\\","<!-- utility2-comment\\n\\","<div id=\"ajaxProgressDiv1\" style=\"background: #d00; height: 2px; left: 0; margin: 0; padding: 0; position: fixed; top: 0; transition: background 0.5s, width 1.5s; width: 25%;\"></div>\\n\\","utility2-comment -->\\n\\","<h1>\\n\\","<!-- utility2-comment\\n\\","    <a\\n\\","        {{#if env.npm_package_homepage}}\\n\\","        href=\"{{env.npm_package_homepage}}\"\\n\\","        {{/if env.npm_package_homepage}}\\n\\","        target=\"_blank\"\\n\\","    >\\n\\","utility2-comment -->\\n\\","        {{env.npm_package_name}} (v{{env.npm_package_version}})\\n\\","<!-- utility2-comment\\n\\","    </a>\\n\\","utility2-comment -->\\n\\","</h1>\\n\\","<h3>{{env.npm_package_description}}</h3>\\n\\","<!-- utility2-comment\\n\\","<h4><a download href=\"assets.app.js\">download standalone app</a></h4>\\n\\","<button class=\"onclick onreset\" id=\"testRunButton1\">run internal test</button><br>\\n\\","<div id=\"testReportDiv1\" style=\"display: none;\"></div>\\n\\","utility2-comment -->\\n\\","\\n\\","\\n\\","\\n\\","<label>stderr and stdout</label>\\n\\","<textarea class=\"resettable\" id=\"outputTextareaStdout1\" readonly></textarea>\\n\\","<!-- utility2-comment\\n\\","{{#if isRollup}}\\n\\","<script src=\"assets.app.js\"></script>\\n\\","{{#unless isRollup}}\\n\\","utility2-comment -->\\n\\","<script src=\"assets.utility2.rollup.js\"></script>\\n\\","<script src=\"jsonp.utility2._stateInit?callback=window.utility2._stateInit\"></script>\\n\\","<script src=\"assets.npmtest_inversify.rollup.js\"></script>\\n\\","<script src=\"assets.example.js\"></script>\\n\\","<script src=\"assets.test.js\"></script>\\n\\","<!-- utility2-comment\\n\\","{{/if isRollup}}\\n\\","utility2-comment -->\\n\\","<div class=\"utility2FooterDiv\">\\n\\","    [ this app was created with\\n\\","    <a href=\"https://github.com/kaizhu256/node-utility2\" target=\"_blank\">utility2</a>\\n\\","    ]\\n\\","</div>\\n\\","</body>\\n\\","</html>\\n\\","';","        /* jslint-ignore-end */","        if (local.templateRender) {","            local.assetsDict['/'] = local.templateRender(","                local.assetsDict['/assets.index.template.html'],","                {","                    env: local.objectSetDefault(local.env, {","                        npm_package_description: 'the greatest app in the world!',","                        npm_package_name: 'my-app',","                        npm_package_nameAlias: 'my_app',","                        npm_package_version: '0.0.1'","                    })","                }","            );","        } else {","            local.assetsDict['/'] = local.assetsDict['/assets.index.template.html']","                .replace((/\\{\\{env\\.(\\w+?)\\}\\}/g), function (match0, match1) {","                    // jslint-hack","                    String(match0);","                    switch (match1) {","                    case 'npm_package_description':","                        return 'the greatest app in the world!';","                    case 'npm_package_name':","                        return 'my-app';","                    case 'npm_package_nameAlias':","                        return 'my_app';","                    case 'npm_package_version':","                        return '0.0.1';","                    }","                });","        }","        // run the cli","        if (local.global.utility2_rollup || module !== require.main) {","            break;","        }","        local.assetsDict['/assets.example.js'] =","            local.assetsDict['/assets.example.js'] ||","            local.fs.readFileSync(__filename, 'utf8');","        // bug-workaround - long $npm_package_buildCustomOrg","        /* jslint-ignore-begin */","        local.assetsDict['/assets.npmtest_inversify.rollup.js'] =","            local.assetsDict['/assets.npmtest_inversify.rollup.js'] ||","            local.fs.readFileSync(","                local.npmtest_inversify.__dirname + '/lib.npmtest_inversify.js',","                'utf8'","            ).replace((/^#!/), '//');","        /* jslint-ignore-end */","        local.assetsDict['/favicon.ico'] = local.assetsDict['/favicon.ico'] || '';","        // if $npm_config_timeout_exit exists,","        // then exit this process after $npm_config_timeout_exit ms","        if (Number(process.env.npm_config_timeout_exit)) {","            setTimeout(process.exit, Number(process.env.npm_config_timeout_exit));","        }","        // start server","        if (local.global.utility2_serverHttp1) {","            break;","        }","        process.env.PORT = process.env.PORT || '8081';","        console.error('server starting on port ' + process.env.PORT);","        local.http.createServer(function (request, response) {","            request.urlParsed = local.url.parse(request.url);","            if (local.assetsDict[request.urlParsed.pathname] !== undefined) {","                response.end(local.assetsDict[request.urlParsed.pathname]);","                return;","            }","            response.statusCode = 404;","            response.end();","        }).listen(process.env.PORT);","        break;","    }","}());",""],"l":{"26":2,"28":2,"33":2,"35":2,"37":2,"38":2,"39":2,"44":1,"51":2,"55":2,"59":2,"61":2,"69":1,"70":2,"76":2,"79":2,"82":2,"83":2,"85":1,"89":2,"92":1,"93":1,"94":1,"96":1,"97":1,"100":1,"101":1,"103":1,"106":1,"108":2,"114":1,"116":1,"118":1,"123":1,"124":2,"125":2,"126":3,"127":3,"128":3,"129":3,"130":1,"133":3,"134":3,"139":3,"143":1,"144":3,"145":1,"149":1,"150":1,"158":1,"160":1,"161":1,"162":1,"164":1,"166":1,"258":1,"259":1,"271":1,"274":6,"275":6,"277":1,"279":2,"281":1,"283":2,"288":1,"289":1,"291":1,"296":1,"303":1,"306":1,"307":1,"310":1,"311":1,"313":1,"314":1,"315":1,"316":1,"317":1,"318":1,"319":1,"321":1,"322":1,"324":1}},"/home/travis/build/npmtest/node-npmtest-inversify/node_modules/inversify/lib/inversify.js":{"path":"/home/travis/build/npmtest/node-npmtest-inversify/node_modules/inversify/lib/inversify.js","s":{"1":1,"2":1,"3":1,"4":1,"5":1,"6":1,"7":1,"8":1,"9":1,"10":1,"11":1,"12":1,"13":1,"14":1,"15":1,"16":1,"17":1,"18":1,"19":1,"20":1,"21":1,"22":1,"23":1,"24":1,"25":1,"26":1,"27":1,"28":1,"29":1,"30":1,"31":1,"32":1},"b":{},"f":{},"fnMap":{},"statementMap":{"1":{"start":{"line":2,"column":0},"end":{"line":2,"column":62}},"2":{"start":{"line":3,"column":0},"end":{"line":3,"column":51}},"3":{"start":{"line":4,"column":0},"end":{"line":4,"column":42}},"4":{"start":{"line":5,"column":0},"end":{"line":5,"column":65}},"5":{"start":{"line":6,"column":0},"end":{"line":6,"column":61}},"6":{"start":{"line":7,"column":0},"end":{"line":7,"column":54}},"7":{"start":{"line":8,"column":0},"end":{"line":8,"column":45}},"8":{"start":{"line":9,"column":0},"end":{"line":9,"column":46}},"9":{"start":{"line":10,"column":0},"end":{"line":10,"column":33}},"10":{"start":{"line":11,"column":0},"end":{"line":11,"column":44}},"11":{"start":{"line":12,"column":0},"end":{"line":12,"column":30}},"12":{"start":{"line":13,"column":0},"end":{"line":13,"column":46}},"13":{"start":{"line":14,"column":0},"end":{"line":14,"column":33}},"14":{"start":{"line":15,"column":0},"end":{"line":15,"column":50}},"15":{"start":{"line":16,"column":0},"end":{"line":16,"column":39}},"16":{"start":{"line":17,"column":0},"end":{"line":17,"column":52}},"17":{"start":{"line":18,"column":0},"end":{"line":18,"column":42}},"18":{"start":{"line":19,"column":0},"end":{"line":19,"column":58}},"19":{"start":{"line":20,"column":0},"end":{"line":20,"column":49}},"20":{"start":{"line":21,"column":0},"end":{"line":21,"column":56}},"21":{"start":{"line":22,"column":0},"end":{"line":22,"column":46}},"22":{"start":{"line":23,"column":0},"end":{"line":23,"column":37}},"23":{"start":{"line":24,"column":0},"end":{"line":24,"column":27}},"24":{"start":{"line":25,"column":0},"end":{"line":25,"column":64}},"25":{"start":{"line":26,"column":0},"end":{"line":26,"column":46}},"26":{"start":{"line":27,"column":0},"end":{"line":27,"column":66}},"27":{"start":{"line":28,"column":0},"end":{"line":28,"column":69}},"28":{"start":{"line":29,"column":0},"end":{"line":29,"column":65}},"29":{"start":{"line":30,"column":0},"end":{"line":30,"column":63}},"30":{"start":{"line":31,"column":0},"end":{"line":31,"column":61}},"31":{"start":{"line":32,"column":0},"end":{"line":32,"column":55}},"32":{"start":{"line":33,"column":0},"end":{"line":33,"column":84}}},"branchMap":{},"code":["\"use strict\";","Object.defineProperty(exports, \"__esModule\", { value: true });","var container_1 = require(\"./container/container\");","exports.Container = container_1.Container;","var container_module_1 = require(\"./container/container_module\");","exports.ContainerModule = container_module_1.ContainerModule;","var injectable_1 = require(\"./annotation/injectable\");","exports.injectable = injectable_1.injectable;","var tagged_1 = require(\"./annotation/tagged\");","exports.tagged = tagged_1.tagged;","var named_1 = require(\"./annotation/named\");","exports.named = named_1.named;","var inject_1 = require(\"./annotation/inject\");","exports.inject = inject_1.inject;","var optional_1 = require(\"./annotation/optional\");","exports.optional = optional_1.optional;","var unmanaged_1 = require(\"./annotation/unmanaged\");","exports.unmanaged = unmanaged_1.unmanaged;","var multi_inject_1 = require(\"./annotation/multi_inject\");","exports.multiInject = multi_inject_1.multiInject;","var target_name_1 = require(\"./annotation/target_name\");","exports.targetName = target_name_1.targetName;","var guid_1 = require(\"./utils/guid\");","exports.guid = guid_1.guid;","var decorator_utils_1 = require(\"./annotation/decorator_utils\");","exports.decorate = decorator_utils_1.decorate;","var constraint_helpers_1 = require(\"./syntax/constraint_helpers\");","exports.traverseAncerstors = constraint_helpers_1.traverseAncerstors;","exports.taggedConstraint = constraint_helpers_1.taggedConstraint;","exports.namedConstraint = constraint_helpers_1.namedConstraint;","exports.typeConstraint = constraint_helpers_1.typeConstraint;","var serialization_1 = require(\"./utils/serialization\");","exports.getServiceIdentifierAsString = serialization_1.getServiceIdentifierAsString;",""],"l":{"2":1,"3":1,"4":1,"5":1,"6":1,"7":1,"8":1,"9":1,"10":1,"11":1,"12":1,"13":1,"14":1,"15":1,"16":1,"17":1,"18":1,"19":1,"20":1,"21":1,"22":1,"23":1,"24":1,"25":1,"26":1,"27":1,"28":1,"29":1,"30":1,"31":1,"32":1,"33":1}},"/home/travis/build/npmtest/node-npmtest-inversify/node_modules/inversify/lib/container/container.js":{"path":"/home/travis/build/npmtest/node-npmtest-inversify/node_modules/inversify/lib/container/container.js","s":{"1":1,"2":1,"3":1,"4":1,"5":1,"6":1,"7":1,"8":1,"9":1,"10":1,"11":1,"12":1,"13":1,"14":1,"15":1,"16":0,"17":0,"18":0,"19":0,"20":0,"21":0,"22":0,"23":0,"24":0,"25":0,"26":0,"27":0,"28":0,"29":0,"30":0,"31":1,"32":0,"33":0,"34":0,"35":0,"36":1,"37":0,"38":0,"39":0,"40":0,"41":0,"42":0,"43":1,"44":0,"45":0,"46":0,"47":0,"48":0,"49":0,"50":0,"51":0,"52":0,"53":0,"54":0,"55":0,"56":0,"57":0,"58":0,"59":0,"60":0,"61":0,"62":0,"63":0,"64":0,"65":0,"66":0,"67":0,"68":0,"69":0,"70":0,"71":0,"72":0,"73":0,"74":1,"75":0,"76":0,"77":0,"78":0,"79":0,"80":0,"81":0,"82":0,"83":0,"84":0,"85":1,"86":0,"87":0,"88":0,"89":0,"90":0,"91":1,"92":0,"93":0,"94":1,"95":0,"96":0,"97":0,"98":1,"99":0,"100":1,"101":0,"102":1,"103":0,"104":1,"105":0,"106":0,"107":0,"108":0,"109":1,"110":0,"111":1,"112":0,"113":0,"114":0,"115":0,"116":0,"117":1,"118":0,"119":0,"120":0,"121":1,"122":0,"123":0,"124":0,"125":0,"126":0,"127":0,"128":1,"129":0,"130":1,"131":0,"132":1,"133":0,"134":1,"135":0,"136":1,"137":0,"138":1,"139":0,"140":1,"141":0,"142":1,"143":0,"144":0,"145":0,"146":0,"147":1,"148":0,"149":0,"150":0,"151":0,"152":0,"153":0,"154":0,"155":0,"156":0,"157":1,"158":0,"159":0,"160":0,"161":0,"162":0,"163":0,"164":1,"165":1},"b":{"1":[0,0],"2":[0,0],"3":[0,0],"4":[0,0],"5":[0,0],"6":[0,0],"7":[0,0],"8":[0,0],"9":[0,0],"10":[0,0],"11":[0,0]},"f":{"1":1,"2":0,"3":0,"4":0,"5":0,"6":0,"7":0,"8":0,"9":0,"10":0,"11":0,"12":0,"13":0,"14":0,"15":0,"16":0,"17":0,"18":0,"19":0,"20":0,"21":0,"22":0,"23":0,"24":0,"25":0,"26":0,"27":0,"28":0,"29":0,"30":0,"31":0,"32":0,"33":0,"34":0,"35":0,"36":0,"37":0,"38":0,"39":0,"40":0,"41":0,"42":0,"43":0,"44":0,"45":0,"46":0},"fnMap":{"1":{"name":"(anonymous_1)","line":15,"loc":{"start":{"line":15,"column":17},"end":{"line":15,"column":29}}},"2":{"name":"Container","line":16,"loc":{"start":{"line":16,"column":4},"end":{"line":16,"column":41}}},"3":{"name":"(anonymous_3)","line":44,"loc":{"start":{"line":44,"column":22},"end":{"line":44,"column":56}}},"4":{"name":"copyDictionary","line":49,"loc":{"start":{"line":49,"column":8},"end":{"line":49,"column":54}}},"5":{"name":"(anonymous_5)","line":50,"loc":{"start":{"line":50,"column":29},"end":{"line":50,"column":51}}},"6":{"name":"(anonymous_6)","line":51,"loc":{"start":{"line":51,"column":30},"end":{"line":51,"column":49}}},"7":{"name":"(anonymous_7)","line":60,"loc":{"start":{"line":60,"column":31},"end":{"line":60,"column":43}}},"8":{"name":"(anonymous_8)","line":66,"loc":{"start":{"line":66,"column":26},"end":{"line":66,"column":63}}},"9":{"name":"(anonymous_9)","line":69,"loc":{"start":{"line":69,"column":30},"end":{"line":69,"column":50}}},"10":{"name":"(anonymous_10)","line":70,"loc":{"start":{"line":70,"column":19},"end":{"line":70,"column":48}}},"11":{"name":"(anonymous_11)","line":76,"loc":{"start":{"line":76,"column":32},"end":{"line":76,"column":52}}},"12":{"name":"(anonymous_12)","line":77,"loc":{"start":{"line":77,"column":19},"end":{"line":77,"column":48}}},"13":{"name":"(anonymous_13)","line":82,"loc":{"start":{"line":82,"column":33},"end":{"line":82,"column":53}}},"14":{"name":"(anonymous_14)","line":83,"loc":{"start":{"line":83,"column":19},"end":{"line":83,"column":48}}},"15":{"name":"(anonymous_15)","line":88,"loc":{"start":{"line":88,"column":32},"end":{"line":88,"column":52}}},"16":{"name":"(anonymous_16)","line":89,"loc":{"start":{"line":89,"column":19},"end":{"line":89,"column":48}}},"17":{"name":"(anonymous_17)","line":95,"loc":{"start":{"line":95,"column":24},"end":{"line":95,"column":42}}},"18":{"name":"(anonymous_18)","line":103,"loc":{"start":{"line":103,"column":33},"end":{"line":103,"column":45}}},"19":{"name":"(anonymous_19)","line":109,"loc":{"start":{"line":109,"column":31},"end":{"line":109,"column":51}}},"20":{"name":"(anonymous_20)","line":109,"loc":{"start":{"line":109,"column":60},"end":{"line":109,"column":76}}},"21":{"name":"(anonymous_21)","line":112,"loc":{"start":{"line":112,"column":24},"end":{"line":112,"column":42}}},"22":{"name":"(anonymous_22)","line":117,"loc":{"start":{"line":117,"column":31},"end":{"line":117,"column":60}}},"23":{"name":"(anonymous_23)","line":124,"loc":{"start":{"line":124,"column":33},"end":{"line":124,"column":62}}},"24":{"name":"(anonymous_24)","line":128,"loc":{"start":{"line":128,"column":33},"end":{"line":128,"column":62}}},"25":{"name":"(anonymous_25)","line":136,"loc":{"start":{"line":136,"column":36},"end":{"line":136,"column":48}}},"26":{"name":"(anonymous_26)","line":139,"loc":{"start":{"line":139,"column":34},"end":{"line":139,"column":63}}},"27":{"name":"(anonymous_27)","line":142,"loc":{"start":{"line":142,"column":39},"end":{"line":142,"column":75}}},"28":{"name":"(anonymous_28)","line":145,"loc":{"start":{"line":145,"column":40},"end":{"line":145,"column":81}}},"29":{"name":"(anonymous_29)","line":148,"loc":{"start":{"line":148,"column":29},"end":{"line":148,"column":42}}},"30":{"name":"(anonymous_30)","line":150,"loc":{"start":{"line":150,"column":35},"end":{"line":150,"column":47}}},"31":{"name":"(anonymous_31)","line":153,"loc":{"start":{"line":153,"column":34},"end":{"line":153,"column":46}}},"32":{"name":"(anonymous_32)","line":161,"loc":{"start":{"line":161,"column":38},"end":{"line":161,"column":50}}},"33":{"name":"(anonymous_33)","line":166,"loc":{"start":{"line":166,"column":42},"end":{"line":166,"column":54}}},"34":{"name":"(anonymous_34)","line":172,"loc":{"start":{"line":172,"column":46},"end":{"line":172,"column":68}}},"35":{"name":"(anonymous_35)","line":176,"loc":{"start":{"line":176,"column":52},"end":{"line":176,"column":78}}},"36":{"name":"(anonymous_36)","line":179,"loc":{"start":{"line":179,"column":30},"end":{"line":179,"column":59}}},"37":{"name":"(anonymous_37)","line":182,"loc":{"start":{"line":182,"column":36},"end":{"line":182,"column":77}}},"38":{"name":"(anonymous_38)","line":185,"loc":{"start":{"line":185,"column":35},"end":{"line":185,"column":71}}},"39":{"name":"(anonymous_39)","line":188,"loc":{"start":{"line":188,"column":33},"end":{"line":188,"column":62}}},"40":{"name":"(anonymous_40)","line":191,"loc":{"start":{"line":191,"column":39},"end":{"line":191,"column":80}}},"41":{"name":"(anonymous_41)","line":194,"loc":{"start":{"line":194,"column":38},"end":{"line":194,"column":74}}},"42":{"name":"(anonymous_42)","line":197,"loc":{"start":{"line":197,"column":34},"end":{"line":197,"column":65}}},"43":{"name":"(anonymous_43)","line":203,"loc":{"start":{"line":203,"column":31},"end":{"line":203,"column":117}}},"44":{"name":"(anonymous_44)","line":207,"loc":{"start":{"line":207,"column":32},"end":{"line":207,"column":51}}},"45":{"name":"(anonymous_45)","line":225,"loc":{"start":{"line":225,"column":42},"end":{"line":225,"column":54}}},"46":{"name":"(anonymous_46)","line":227,"loc":{"start":{"line":227,"column":15},"end":{"line":227,"column":31}}}},"statementMap":{"1":{"start":{"line":2,"column":0},"end":{"line":2,"column":62}},"2":{"start":{"line":3,"column":0},"end":{"line":3,"column":47}},"3":{"start":{"line":4,"column":0},"end":{"line":4,"column":35}},"4":{"start":{"line":5,"column":0},"end":{"line":5,"column":47}},"5":{"start":{"line":6,"column":0},"end":{"line":6,"column":51}},"6":{"start":{"line":7,"column":0},"end":{"line":7,"column":65}},"7":{"start":{"line":8,"column":0},"end":{"line":8,"column":56}},"8":{"start":{"line":9,"column":0},"end":{"line":9,"column":59}},"9":{"start":{"line":10,"column":0},"end":{"line":10,"column":38}},"10":{"start":{"line":11,"column":0},"end":{"line":11,"column":52}},"11":{"start":{"line":12,"column":0},"end":{"line":12,"column":57}},"12":{"start":{"line":13,"column":0},"end":{"line":13,"column":60}},"13":{"start":{"line":14,"column":0},"end":{"line":14,"column":63}},"14":{"start":{"line":15,"column":0},"end":{"line":235,"column":5}},"15":{"start":{"line":16,"column":4},"end":{"line":43,"column":5}},"16":{"start":{"line":17,"column":8},"end":{"line":36,"column":9}},"17":{"start":{"line":18,"column":12},"end":{"line":27,"column":13}},"18":{"start":{"line":19,"column":16},"end":{"line":19,"column":85}},"19":{"start":{"line":21,"column":17},"end":{"line":27,"column":13}},"20":{"start":{"line":22,"column":16},"end":{"line":22,"column":89}},"21":{"start":{"line":24,"column":17},"end":{"line":27,"column":13}},"22":{"start":{"line":26,"column":16},"end":{"line":26,"column":89}},"23":{"start":{"line":28,"column":12},"end":{"line":30,"column":14}},"24":{"start":{"line":33,"column":12},"end":{"line":35,"column":14}},"25":{"start":{"line":37,"column":8},"end":{"line":37,"column":34}},"26":{"start":{"line":38,"column":8},"end":{"line":38,"column":56}},"27":{"start":{"line":39,"column":8},"end":{"line":39,"column":29}},"28":{"start":{"line":40,"column":8},"end":{"line":40,"column":32}},"29":{"start":{"line":41,"column":8},"end":{"line":41,"column":27}},"30":{"start":{"line":42,"column":8},"end":{"line":42,"column":70}},"31":{"start":{"line":44,"column":4},"end":{"line":59,"column":6}},"32":{"start":{"line":45,"column":8},"end":{"line":45,"column":40}},"33":{"start":{"line":46,"column":8},"end":{"line":46,"column":74}},"34":{"start":{"line":47,"column":8},"end":{"line":47,"column":76}},"35":{"start":{"line":48,"column":8},"end":{"line":48,"column":76}},"36":{"start":{"line":49,"column":8},"end":{"line":55,"column":9}},"37":{"start":{"line":50,"column":12},"end":{"line":54,"column":15}},"38":{"start":{"line":51,"column":16},"end":{"line":53,"column":19}},"39":{"start":{"line":52,"column":20},"end":{"line":52,"column":80}},"40":{"start":{"line":56,"column":8},"end":{"line":56,"column":62}},"41":{"start":{"line":57,"column":8},"end":{"line":57,"column":62}},"42":{"start":{"line":58,"column":8},"end":{"line":58,"column":25}},"43":{"start":{"line":60,"column":4},"end":{"line":102,"column":6}},"44":{"start":{"line":61,"column":8},"end":{"line":61,"column":25}},"45":{"start":{"line":62,"column":8},"end":{"line":62,"column":25}},"46":{"start":{"line":63,"column":8},"end":{"line":65,"column":9}},"47":{"start":{"line":64,"column":12},"end":{"line":64,"column":40}},"48":{"start":{"line":66,"column":8},"end":{"line":68,"column":10}},"49":{"start":{"line":67,"column":12},"end":{"line":67,"column":57}},"50":{"start":{"line":69,"column":8},"end":{"line":75,"column":10}},"51":{"start":{"line":70,"column":12},"end":{"line":74,"column":14}},"52":{"start":{"line":71,"column":16},"end":{"line":71,"column":80}},"53":{"start":{"line":72,"column":16},"end":{"line":72,"column":55}},"54":{"start":{"line":73,"column":16},"end":{"line":73,"column":39}},"55":{"start":{"line":76,"column":8},"end":{"line":81,"column":10}},"56":{"start":{"line":77,"column":12},"end":{"line":80,"column":14}},"57":{"start":{"line":78,"column":16},"end":{"line":78,"column":55}},"58":{"start":{"line":79,"column":16},"end":{"line":79,"column":43}},"59":{"start":{"line":82,"column":8},"end":{"line":87,"column":10}},"60":{"start":{"line":83,"column":12},"end":{"line":86,"column":14}},"61":{"start":{"line":84,"column":16},"end":{"line":84,"column":57}},"62":{"start":{"line":85,"column":16},"end":{"line":85,"column":51}},"63":{"start":{"line":88,"column":8},"end":{"line":94,"column":10}},"64":{"start":{"line":89,"column":12},"end":{"line":93,"column":14}},"65":{"start":{"line":90,"column":16},"end":{"line":90,"column":82}},"66":{"start":{"line":91,"column":16},"end":{"line":91,"column":55}},"67":{"start":{"line":92,"column":16},"end":{"line":92,"column":39}},"68":{"start":{"line":95,"column":8},"end":{"line":101,"column":11}},"69":{"start":{"line":96,"column":12},"end":{"line":96,"column":60}},"70":{"start":{"line":97,"column":12},"end":{"line":97,"column":64}},"71":{"start":{"line":98,"column":12},"end":{"line":98,"column":66}},"72":{"start":{"line":99,"column":12},"end":{"line":99,"column":64}},"73":{"start":{"line":100,"column":12},"end":{"line":100,"column":91}},"74":{"start":{"line":103,"column":4},"end":{"line":116,"column":6}},"75":{"start":{"line":104,"column":8},"end":{"line":104,"column":25}},"76":{"start":{"line":105,"column":8},"end":{"line":105,"column":25}},"77":{"start":{"line":106,"column":8},"end":{"line":108,"column":9}},"78":{"start":{"line":107,"column":12},"end":{"line":107,"column":40}},"79":{"start":{"line":109,"column":8},"end":{"line":111,"column":13}},"80":{"start":{"line":109,"column":53},"end":{"line":111,"column":10}},"81":{"start":{"line":110,"column":12},"end":{"line":110,"column":46}},"82":{"start":{"line":112,"column":8},"end":{"line":115,"column":11}},"83":{"start":{"line":113,"column":12},"end":{"line":113,"column":58}},"84":{"start":{"line":114,"column":12},"end":{"line":114,"column":66}},"85":{"start":{"line":117,"column":4},"end":{"line":123,"column":6}},"86":{"start":{"line":118,"column":8},"end":{"line":118,"column":70}},"87":{"start":{"line":119,"column":8},"end":{"line":119,"column":128}},"88":{"start":{"line":120,"column":8},"end":{"line":120,"column":77}},"89":{"start":{"line":121,"column":8},"end":{"line":121,"column":64}},"90":{"start":{"line":122,"column":8},"end":{"line":122,"column":64}},"91":{"start":{"line":124,"column":4},"end":{"line":127,"column":6}},"92":{"start":{"line":125,"column":8},"end":{"line":125,"column":39}},"93":{"start":{"line":126,"column":8},"end":{"line":126,"column":44}},"94":{"start":{"line":128,"column":4},"end":{"line":135,"column":6}},"95":{"start":{"line":129,"column":8},"end":{"line":134,"column":9}},"96":{"start":{"line":130,"column":12},"end":{"line":130,"column":62}},"97":{"start":{"line":133,"column":12},"end":{"line":133,"column":126}},"98":{"start":{"line":136,"column":4},"end":{"line":138,"column":6}},"99":{"start":{"line":137,"column":8},"end":{"line":137,"column":56}},"100":{"start":{"line":139,"column":4},"end":{"line":141,"column":6}},"101":{"start":{"line":140,"column":8},"end":{"line":140,"column":65}},"102":{"start":{"line":142,"column":4},"end":{"line":144,"column":6}},"103":{"start":{"line":143,"column":8},"end":{"line":143,"column":84}},"104":{"start":{"line":145,"column":4},"end":{"line":149,"column":6}},"105":{"start":{"line":146,"column":8},"end":{"line":146,"column":70}},"106":{"start":{"line":147,"column":8},"end":{"line":147,"column":87}},"107":{"start":{"line":148,"column":8},"end":{"line":148,"column":77}},"108":{"start":{"line":148,"column":44},"end":{"line":148,"column":73}},"109":{"start":{"line":150,"column":4},"end":{"line":152,"column":6}},"110":{"start":{"line":151,"column":8},"end":{"line":151,"column":123}},"111":{"start":{"line":153,"column":4},"end":{"line":160,"column":6}},"112":{"start":{"line":154,"column":8},"end":{"line":154,"column":45}},"113":{"start":{"line":155,"column":8},"end":{"line":157,"column":9}},"114":{"start":{"line":156,"column":12},"end":{"line":156,"column":68}},"115":{"start":{"line":158,"column":8},"end":{"line":158,"column":52}},"116":{"start":{"line":159,"column":8},"end":{"line":159,"column":47}},"117":{"start":{"line":161,"column":4},"end":{"line":165,"column":6}},"118":{"start":{"line":162,"column":8},"end":{"line":162,"column":36}},"119":{"start":{"line":163,"column":8},"end":{"line":163,"column":28}},"120":{"start":{"line":164,"column":8},"end":{"line":164,"column":21}},"121":{"start":{"line":166,"column":4},"end":{"line":175,"column":6}},"122":{"start":{"line":167,"column":8},"end":{"line":167,"column":29}},"123":{"start":{"line":168,"column":8},"end":{"line":170,"column":9}},"124":{"start":{"line":169,"column":12},"end":{"line":169,"column":44}},"125":{"start":{"line":171,"column":8},"end":{"line":171,"column":85}},"126":{"start":{"line":172,"column":8},"end":{"line":174,"column":20}},"127":{"start":{"line":173,"column":12},"end":{"line":173,"column":30}},"128":{"start":{"line":176,"column":4},"end":{"line":178,"column":6}},"129":{"start":{"line":177,"column":8},"end":{"line":177,"column":46}},"130":{"start":{"line":179,"column":4},"end":{"line":181,"column":6}},"131":{"start":{"line":180,"column":8},"end":{"line":180,"column":99}},"132":{"start":{"line":182,"column":4},"end":{"line":184,"column":6}},"133":{"start":{"line":183,"column":8},"end":{"line":183,"column":111}},"134":{"start":{"line":185,"column":4},"end":{"line":187,"column":6}},"135":{"start":{"line":186,"column":8},"end":{"line":186,"column":80}},"136":{"start":{"line":188,"column":4},"end":{"line":190,"column":6}},"137":{"start":{"line":189,"column":8},"end":{"line":189,"column":97}},"138":{"start":{"line":191,"column":4},"end":{"line":193,"column":6}},"139":{"start":{"line":192,"column":8},"end":{"line":192,"column":110}},"140":{"start":{"line":194,"column":4},"end":{"line":196,"column":6}},"141":{"start":{"line":195,"column":8},"end":{"line":195,"column":83}},"142":{"start":{"line":197,"column":4},"end":{"line":202,"column":6}},"143":{"start":{"line":198,"column":8},"end":{"line":198,"column":44}},"144":{"start":{"line":199,"column":8},"end":{"line":199,"column":57}},"145":{"start":{"line":200,"column":8},"end":{"line":200,"column":36}},"146":{"start":{"line":201,"column":8},"end":{"line":201,"column":54}},"147":{"start":{"line":203,"column":4},"end":{"line":224,"column":6}},"148":{"start":{"line":204,"column":8},"end":{"line":204,"column":26}},"149":{"start":{"line":205,"column":8},"end":{"line":213,"column":10}},"150":{"start":{"line":207,"column":53},"end":{"line":207,"column":68}},"151":{"start":{"line":214,"column":8},"end":{"line":222,"column":9}},"152":{"start":{"line":215,"column":12},"end":{"line":215,"column":51}},"153":{"start":{"line":216,"column":12},"end":{"line":218,"column":13}},"154":{"start":{"line":217,"column":16},"end":{"line":217,"column":70}},"155":{"start":{"line":221,"column":12},"end":{"line":221,"column":57}},"156":{"start":{"line":223,"column":8},"end":{"line":223,"column":22}},"157":{"start":{"line":225,"column":4},"end":{"line":233,"column":6}},"158":{"start":{"line":226,"column":8},"end":{"line":226,"column":25}},"159":{"start":{"line":227,"column":8},"end":{"line":232,"column":10}},"160":{"start":{"line":228,"column":12},"end":{"line":228,"column":177}},"161":{"start":{"line":229,"column":12},"end":{"line":229,"column":55}},"162":{"start":{"line":230,"column":12},"end":{"line":230,"column":53}},"163":{"start":{"line":231,"column":12},"end":{"line":231,"column":26}},"164":{"start":{"line":234,"column":4},"end":{"line":234,"column":21}},"165":{"start":{"line":236,"column":0},"end":{"line":236,"column":30}}},"branchMap":{"1":{"line":17,"type":"if","locations":[{"start":{"line":17,"column":8},"end":{"line":17,"column":8}},{"start":{"line":17,"column":8},"end":{"line":17,"column":8}}]},"2":{"line":18,"type":"if","locations":[{"start":{"line":18,"column":12},"end":{"line":18,"column":12}},{"start":{"line":18,"column":12},"end":{"line":18,"column":12}}]},"3":{"line":21,"type":"if","locations":[{"start":{"line":21,"column":17},"end":{"line":21,"column":17}},{"start":{"line":21,"column":17},"end":{"line":21,"column":17}}]},"4":{"line":24,"type":"if","locations":[{"start":{"line":24,"column":17},"end":{"line":24,"column":17}},{"start":{"line":24,"column":17},"end":{"line":24,"column":17}}]},"5":{"line":24,"type":"binary-expr","locations":[{"start":{"line":24,"column":21},"end":{"line":24,"column":97}},{"start":{"line":25,"column":16},"end":{"line":25,"column":92}}]},"6":{"line":119,"type":"cond-expr","locations":[{"start":{"line":119,"column":70},"end":{"line":119,"column":82}},{"start":{"line":119,"column":85},"end":{"line":119,"column":127}}]},"7":{"line":155,"type":"if","locations":[{"start":{"line":155,"column":8},"end":{"line":155,"column":8}},{"start":{"line":155,"column":8},"end":{"line":155,"column":8}}]},"8":{"line":171,"type":"cond-expr","locations":[{"start":{"line":171,"column":43},"end":{"line":171,"column":59}},{"start":{"line":171,"column":62},"end":{"line":171,"column":84}}]},"9":{"line":214,"type":"if","locations":[{"start":{"line":214,"column":8},"end":{"line":214,"column":8}},{"start":{"line":214,"column":8},"end":{"line":214,"column":8}}]},"10":{"line":216,"type":"if","locations":[{"start":{"line":216,"column":12},"end":{"line":216,"column":12}},{"start":{"line":216,"column":12},"end":{"line":216,"column":12}}]},"11":{"line":216,"type":"binary-expr","locations":[{"start":{"line":216,"column":16},"end":{"line":216,"column":36}},{"start":{"line":216,"column":40},"end":{"line":216,"column":55}}]}},"code":["\"use strict\";","Object.defineProperty(exports, \"__esModule\", { value: true });","var binding_1 = require(\"../bindings/binding\");","var lookup_1 = require(\"./lookup\");","var planner_1 = require(\"../planning/planner\");","var resolver_1 = require(\"../resolution/resolver\");","var binding_to_syntax_1 = require(\"../syntax/binding_to_syntax\");","var serialization_1 = require(\"../utils/serialization\");","var container_snapshot_1 = require(\"./container_snapshot\");","var guid_1 = require(\"../utils/guid\");","var ERROR_MSGS = require(\"../constants/error_msgs\");","var METADATA_KEY = require(\"../constants/metadata_keys\");","var literal_types_1 = require(\"../constants/literal_types\");","var metadata_reader_1 = require(\"../planning/metadata_reader\");","var Container = (function () {","    function Container(containerOptions) {","        if (containerOptions !== undefined) {","            if (typeof containerOptions !== \"object\") {","                throw new Error(\"\" + ERROR_MSGS.CONTAINER_OPTIONS_MUST_BE_AN_OBJECT);","            }","            else if (containerOptions.defaultScope === undefined) {","                throw new Error(\"\" + ERROR_MSGS.CONTAINER_OPTIONS_INVALID_DEFAULT_SCOPE);","            }","            else if (containerOptions.defaultScope !== literal_types_1.BindingScopeEnum.Singleton &&","                containerOptions.defaultScope !== literal_types_1.BindingScopeEnum.Transient) {","                throw new Error(\"\" + ERROR_MSGS.CONTAINER_OPTIONS_INVALID_DEFAULT_SCOPE);","            }","            this.options = {","                defaultScope: containerOptions.defaultScope","            };","        }","        else {","            this.options = {","                defaultScope: literal_types_1.BindingScopeEnum.Transient","            };","        }","        this.guid = guid_1.guid();","        this._bindingDictionary = new lookup_1.Lookup();","        this._snapshots = [];","        this._middleware = null;","        this.parent = null;","        this._metadataReader = new metadata_reader_1.MetadataReader();","    }","    Container.merge = function (container1, container2) {","        var container = new Container();","        var bindingDictionary = planner_1.getBindingDictionary(container);","        var bindingDictionary1 = planner_1.getBindingDictionary(container1);","        var bindingDictionary2 = planner_1.getBindingDictionary(container2);","        function copyDictionary(origing, destination) {","            origing.traverse(function (key, value) {","                value.forEach(function (binding) {","                    destination.add(binding.serviceIdentifier, binding.clone());","                });","            });","        }","        copyDictionary(bindingDictionary1, bindingDictionary);","        copyDictionary(bindingDictionary2, bindingDictionary);","        return container;","    };","    Container.prototype.load = function () {","        var _this = this;","        var modules = [];","        for (var _i = 0; _i < arguments.length; _i++) {","            modules[_i] = arguments[_i];","        }","        var setModuleId = function (bindingToSyntax, moduleId) {","            bindingToSyntax._binding.moduleId = moduleId;","        };","        var getBindFunction = function (moduleId) {","            return function (serviceIdentifier) {","                var bindingToSyntax = _this.bind.call(_this, serviceIdentifier);","                setModuleId(bindingToSyntax, moduleId);","                return bindingToSyntax;","            };","        };","        var getUnbindFunction = function (moduleId) {","            return function (serviceIdentifier) {","                var _unbind = _this.unbind.bind(_this);","                _unbind(serviceIdentifier);","            };","        };","        var getIsboundFunction = function (moduleId) {","            return function (serviceIdentifier) {","                var _isBound = _this.isBound.bind(_this);","                return _isBound(serviceIdentifier);","            };","        };","        var getRebindFunction = function (moduleId) {","            return function (serviceIdentifier) {","                var bindingToSyntax = _this.rebind.call(_this, serviceIdentifier);","                setModuleId(bindingToSyntax, moduleId);","                return bindingToSyntax;","            };","        };","        modules.forEach(function (module) {","            var bindFunction = getBindFunction(module.guid);","            var unbindFunction = getUnbindFunction(module.guid);","            var isboundFunction = getIsboundFunction(module.guid);","            var rebindFunction = getRebindFunction(module.guid);","            module.registry(bindFunction, unbindFunction, isboundFunction, rebindFunction);","        });","  
[...]
"start":{"line":4,"column":4},"end":{"line":12,"column":6}},"4":{"start":{"line":5,"column":8},"end":{"line":5,"column":43}},"5":{"start":{"line":6,"column":8},"end":{"line":11,"column":9}},"6":{"start":{"line":7,"column":12},"end":{"line":7,"column":86}},"7":{"start":{"line":10,"column":12},"end":{"line":10,"column":25}},"8":{"start":{"line":13,"column":4},"end":{"line":13,"column":52}},"9":{"start":{"line":14,"column":4},"end":{"line":20,"column":9}},"10":{"start":{"line":14,"column":44},"end":{"line":20,"column":6}},"11":{"start":{"line":15,"column":8},"end":{"line":17,"column":10}},"12":{"start":{"line":16,"column":12},"end":{"line":16,"column":104}},"13":{"start":{"line":18,"column":8},"end":{"line":18,"column":66}},"14":{"start":{"line":19,"column":8},"end":{"line":19,"column":26}},"15":{"start":{"line":21,"column":4},"end":{"line":21,"column":48}},"16":{"start":{"line":22,"column":4},"end":{"line":22,"column":67}},"17":{"start":{"line":23,"column":4},"end":{"line":23,"column":46}},"18":{"start":{"line":24,"column":4},"end":{"line":38,"column":9}},"19":{"start":{"line":24,"column":43},"end":{"line":38,"column":6}},"20":{"start":{"line":25,"column":8},"end":{"line":25,"column":27}},"21":{"start":{"line":26,"column":8},"end":{"line":36,"column":9}},"22":{"start":{"line":27,"column":12},"end":{"line":27,"column":42}},"23":{"start":{"line":28,"column":12},"end":{"line":35,"column":13}},"24":{"start":{"line":29,"column":16},"end":{"line":29,"column":66}},"25":{"start":{"line":30,"column":16},"end":{"line":30,"column":50}},"26":{"start":{"line":33,"column":16},"end":{"line":33,"column":73}},"27":{"start":{"line":34,"column":16},"end":{"line":34,"column":44}},"28":{"start":{"line":37,"column":8},"end":{"line":37,"column":21}},"29":{"start":{"line":39,"column":4},"end":{"line":39,"column":44}}},"branchMap":{"1":{"line":6,"type":"if","locations":[{"start":{"line":6,"column":8},"end":{"line":6,"column":8}},{"start":{"line":6,"column":8},"end":{"line":6,"column":8}}]},"2":{"line":7,"type":"cond-expr","locations":[{"start":{"line":7,"column":40},"end":{"line":7,"column":44}},{"start":{"line":7,"column":47},"end":{"line":7,"column":85}}]},"3":{"line":16,"type":"binary-expr","locations":[{"start":{"line":16,"column":19},"end":{"line":16,"column":35}},{"start":{"line":16,"column":39},"end":{"line":16,"column":62}},{"start":{"line":16,"column":66},"end":{"line":16,"column":103}}]},"4":{"line":26,"type":"if","locations":[{"start":{"line":26,"column":8},"end":{"line":26,"column":8}},{"start":{"line":26,"column":8},"end":{"line":26,"column":8}}]},"5":{"line":28,"type":"if","locations":[{"start":{"line":28,"column":12},"end":{"line":28,"column":12}},{"start":{"line":28,"column":12},"end":{"line":28,"column":12}}]}},"code":["define([\"require\", \"exports\", \"../planning/metadata\", \"../constants/metadata_keys\"], function (require, exports, metadata_1, METADATA_KEY) {","    \"use strict\";","    Object.defineProperty(exports, \"__esModule\", { value: true });","    var traverseAncerstors = function (request, constraint) {","        var parent = request.parentRequest;","        if (parent !== null) {","            return constraint(parent) ? true : traverseAncerstors(parent, constraint);","        }","        else {","            return false;","        }","    };","    exports.traverseAncerstors = traverseAncerstors;","    var taggedConstraint = function (key) { return function (value) {","        var constraint = function (request) {","            return request !== null && request.target !== null && request.target.matchesTag(key)(value);","        };","        constraint.metaData = new metadata_1.Metadata(key, value);","        return constraint;","    }; };","    exports.taggedConstraint = taggedConstraint;","    var namedConstraint = taggedConstraint(METADATA_KEY.NAMED_TAG);","    exports.namedConstraint = namedConstraint;","    var typeConstraint = function (type) { return function (request) {","        var binding = null;","        if (request !== null) {","            binding = request.bindings[0];","            if (typeof type === \"string\") {","                var serviceIdentifier = binding.serviceIdentifier;","                return serviceIdentifier === type;","            }","            else {","                var constructor = request.bindings[0].implementationType;","                return type === constructor;","            }","        }","        return false;","    }; };","    exports.typeConstraint = typeConstraint;","});",""],"l":{"1":2,"3":0,"4":0,"5":0,"6":0,"7":0,"10":0,"13":0,"14":0,"15":0,"16":0,"18":0,"19":0,"21":0,"22":0,"23":0,"24":0,"25":0,"26":0,"27":0,"28":0,"29":0,"30":0,"33":0,"34":0,"37":0,"39":0}},"/home/travis/build/npmtest/node-npmtest-inversify/node_modules/inversify/amd/utils/guid.js":{"path":"/home/travis/build/npmtest/node-npmtest-inversify/node_modules/inversify/amd/utils/guid.js","s":{"1":2,"2":0,"3":1,"4":1,"5":0,"6":0,"7":0},"b":{},"f":{"1":0,"2":0,"3":0},"fnMap":{"1":{"name":"(anonymous_1)","line":1,"loc":{"start":{"line":1,"column":31},"end":{"line":1,"column":59}}},"2":{"name":"guid","line":4,"loc":{"start":{"line":4,"column":4},"end":{"line":4,"column":20}}},"3":{"name":"s4","line":5,"loc":{"start":{"line":5,"column":8},"end":{"line":5,"column":22}}}},"statementMap":{"1":{"start":{"line":1,"column":0},"end":{"line":14,"column":3}},"2":{"start":{"line":3,"column":4},"end":{"line":3,"column":66}},"3":{"start":{"line":4,"column":4},"end":{"line":12,"column":5}},"4":{"start":{"line":5,"column":8},"end":{"line":9,"column":9}},"5":{"start":{"line":6,"column":12},"end":{"line":8,"column":30}},"6":{"start":{"line":10,"column":8},"end":{"line":11,"column":44}},"7":{"start":{"line":13,"column":4},"end":{"line":13,"column":24}}},"branchMap":{},"code":["define([\"require\", \"exports\"], function (require, exports) {","    \"use strict\";","    Object.defineProperty(exports, \"__esModule\", { value: true });","    function guid() {","        function s4() {","            return Math.floor((1 + Math.random()) * 0x10000)","                .toString(16)","                .substring(1);","        }","        return s4() + s4() + \"-\" + s4() + \"-\" + s4() + \"-\" +","            s4() + \"-\" + s4() + s4() + s4();","    }","    exports.guid = guid;","});",""],"l":{"1":2,"3":0,"4":1,"5":1,"6":0,"10":0,"13":0}},"/home/travis/build/npmtest/node-npmtest-inversify/node_modules/inversify/amd/utils/serialization.js":{"path":"/home/travis/build/npmtest/node-npmtest-inversify/node_modules/inversify/amd/utils/serialization.js","s":{"1":2,"2":0,"3":1,"4":0,"5":0,"6":0,"7":0,"8":0,"9":0,"10":0,"11":0,"12":1,"13":0,"14":0,"15":0,"16":0,"17":0,"18":0,"19":0,"20":0,"21":0,"22":0,"23":0,"24":0,"25":0,"26":1,"27":0,"28":0,"29":0,"30":0,"31":0,"32":0,"33":0,"34":0,"35":0,"36":0,"37":0,"38":0,"39":0,"40":0,"41":0,"42":1,"43":0,"44":0,"45":0,"46":0,"47":0,"48":0,"49":0,"50":0,"51":0,"52":0,"53":0,"54":0,"55":1,"56":0,"57":0,"58":0,"59":0,"60":0,"61":0},"b":{"1":[0,0],"2":[0,0],"3":[0,0],"4":[0,0],"5":[0,0],"6":[0,0],"7":[0,0],"8":[0,0],"9":[0,0],"10":[0,0],"11":[0,0],"12":[0,0],"13":[0,0],"14":[0,0],"15":[0,0]},"f":{"1":0,"2":0,"3":0,"4":0,"5":0,"6":0,"7":0,"8":0,"9":0,"10":0},"fnMap":{"1":{"name":"(anonymous_1)","line":1,"loc":{"start":{"line":1,"column":58},"end":{"line":1,"column":98}}},"2":{"name":"getServiceIdentifierAsString","line":4,"loc":{"start":{"line":4,"column":4},"end":{"line":4,"column":61}}},"3":{"name":"listRegisteredBindingsForServiceIdentifier","line":18,"loc":{"start":{"line":18,"column":4},"end":{"line":18,"column":99}}},"4":{"name":"(anonymous_4)","line":23,"loc":{"start":{"line":23,"column":39},"end":{"line":23,"column":58}}},"5":{"name":"circularDependencyToException","line":37,"loc":{"start":{"line":37,"column":4},"end":{"line":37,"column":80}}},"6":{"name":"(anonymous_6)","line":41,"loc":{"start":{"line":41,"column":38},"end":{"line":41,"column":62}}},"7":{"name":"(anonymous_7)","line":53,"loc":{"start":{"line":53,"column":65},"end":{"line":53,"column":87}}},"8":{"name":"listMetadataForTarget","line":61,"loc":{"start":{"line":61,"column":4},"end":{"line":61,"column":68}}},"9":{"name":"(anonymous_9)","line":70,"loc":{"start":{"line":70,"column":34},"end":{"line":70,"column":49}}},"10":{"name":"getFunctionName","line":81,"loc":{"start":{"line":81,"column":4},"end":{"line":81,"column":32}}}},"statementMap":{"1":{"start":{"line":1,"column":0},"end":{"line":92,"column":3}},"2":{"start":{"line":3,"column":4},"end":{"line":3,"column":66}},"3":{"start":{"line":4,"column":4},"end":{"line":16,"column":5}},"4":{"start":{"line":5,"column":8},"end":{"line":15,"column":9}},"5":{"start":{"line":6,"column":12},"end":{"line":6,"column":55}},"6":{"start":{"line":7,"column":12},"end":{"line":7,"column":43}},"7":{"start":{"line":9,"column":13},"end":{"line":15,"column":9}},"8":{"start":{"line":10,"column":12},"end":{"line":10,"column":48}},"9":{"start":{"line":13,"column":12},"end":{"line":13,"column":55}},"10":{"start":{"line":14,"column":12},"end":{"line":14,"column":38}},"11":{"start":{"line":17,"column":4},"end":{"line":17,"column":72}},"12":{"start":{"line":18,"column":4},"end":{"line":35,"column":5}},"13":{"start":{"line":19,"column":8},"end":{"line":19,"column":40}},"14":{"start":{"line":20,"column":8},"end":{"line":20,"column":75}},"15":{"start":{"line":21,"column":8},"end":{"line":33,"column":9}},"16":{"start":{"line":22,"column":12},"end":{"line":22,"column":62}},"17":{"start":{"line":23,"column":12},"end":{"line":32,"column":15}},"18":{"start":{"line":24,"column":16},"end":{"line":24,"column":36}},"19":{"start":{"line":25,"column":16},"end":{"line":27,"column":17}},"20":{"start":{"line":26,"column":20},"end":{"line":26,"column":71}},"21":{"start":{"line":28,"column":16},"end":{"line":28,"column":79}},"22":{"start":{"line":29,"column":16},"end":{"line":31,"column":17}},"23":{"start":{"line":30,"column":20},"end":{"line":30,"column":106}},"24":{"start":{"line":34,"column":8},"end":{"line":34,"column":38}},"25":{"start":{"line":36,"column":4},"end":{"line":36,"column":100}},"26":{"start":{"line":37,"column":4},"end":{"line":59,"column":5}},"27":{"start":{"line":38,"column":8},"end":{"line":38,"column":87}},"28":{"start":{"line":38,"column":53},"end":{"line":38,"column":85}},"29":{"start":{"line":39,"column":8},"end":{"line":39,"column":94}},"30":{"start":{"line":40,"column":8},"end":{"line":40,"column":65}},"31":{"start":{"line":41,"column":8},"end":{"line":58,"column":11}},"32":{"start":{"line":42,"column":12},"end":{"line":42,"column":102}},"33":{"start":{"line":43,"column":12},"end":{"line":57,"column":13}},"34":{"start":{"line":44,"column":16},"end":{"line":49,"column":17}},"35":{"start":{"line":45,"column":20},"end":{"line":45,"column":92}},"36":{"start":{"line":48,"column":20},"end":{"line":48,"column":76}},"37":{"start":{"line":52,"column":16},"end":{"line":52,"column":72}},"38":{"start":{"line":53,"column":16},"end":{"line":55,"column":23}},"39":{"start":{"line":54,"column":20},"end":{"line":54,"column":76}},"40":{"start":{"line":56,"column":16},"end":{"line":56,"column":81}},"41":{"start":{"line":60,"column":4},"end":{"line":60,"column":74}},"42":{"start":{"line":61,"column":4},"end":{"line":79,"column":5}},"43":{"start":{"line":62,"column":8},"end":{"line":78,"column":9}},"44":{"start":{"line":63,"column":12},"end":{"line":63,"column":25}},"45":{"start":{"line":64,"column":12},"end":{"line":64,"column":48}},"46":{"start":{"line":65,"column":12},"end":{"line":65,"column":51}},"47":{"start":{"line":66,"column":12},"end":{"line":68,"column":13}},"48":{"start":{"line":67,"column":16},"end":{"line":67,"column":50}},"49":{"start":{"line":69,"column":12},"end":{"line":73,"column":13}},"50":{"start":{"line":70,"column":16},"end":{"line":72,"column":19}},"51":{"start":{"line":71,"column":20},"end":{"line":71,"column":49}},"52":{"start":{"line":74,"column":12},"end":{"line":74,"column":97}},"53":{"start":{"line":77,"column":12},"end":{"line":77,"column":49}},"54":{"start":{"line":80,"column":4},"end":{"line":80,"column":58}},"55":{"start":{"line":81,"column":4},"end":{"line":90,"column":5}},"56":{"start":{"line":82,"column":8},"end":{"line":89,"column":9}},"57":{"start":{"line":83,"column":12},"end":{"line":83,"column":26}},"58":{"start":{"line":86,"column":12},"end":{"line":86,"column":38}},"59":{"start":{"line":87,"column":12},"end":{"line":87,"column":62}},"60":{"start":{"line":88,"column":12},"end":{"line":88,"column":70}},"61":{"start":{"line":91,"column":4},"end":{"line":91,"column":46}}},"branchMap":{"1":{"line":5,"type":"if","locations":[{"start":{"line":5,"column":8},"end":{"line":5,"column":8}},{"start":{"line":5,"column":8},"end":{"line":5,"column":8}}]},"2":{"line":9,"type":"if","locations":[{"start":{"line":9,"column":13},"end":{"line":9,"column":13}},{"start":{"line":9,"column":13},"end":{"line":9,"column":13}}]},"3":{"line":21,"type":"if","locations":[{"start":{"line":21,"column":8},"end":{"line":21,"column":8}},{"start":{"line":21,"column":8},"end":{"line":21,"column":8}}]},"4":{"line":25,"type":"if","locations":[{"start":{"line":25,"column":16},"end":{"line":25,"column":16}},{"start":{"line":25,"column":16},"end":{"line":25,"column":16}}]},"5":{"line":29,"type":"if","locations":[{"start":{"line":29,"column":16},"end":{"line":29,"column":16}},{"start":{"line":29,"column":16},"end":{"line":29,"column":16}}]},"6":{"line":38,"type":"if","locations":[{"start":{"line":38,"column":8},"end":{"line":38,"column":8}},{"start":{"line":38,"column":8},"end":{"line":38,"column":8}}]},"7":{"line":43,"type":"if","locations":[{"start":{"line":43,"column":12},"end":{"line":43,"column":12}},{"start":{"line":43,"column":12},"end":{"line":43,"column":12}}]},"8":{"line":44,"type":"if","locations":[{"start":{"line":44,"column":16},"end":{"line":44,"column":16}},{"start":{"line":44,"column":16},"end":{"line":44,"column":16}}]},"9":{"line":54,"type":"cond-expr","locations":[{"start":{"line":54,"column":43},"end":{"line":54,"column":63}},{"start":{"line":54,"column":66},"end":{"line":54,"column":75}}]},"10":{"line":62,"type":"if","locations":[{"start":{"line":62,"column":8},"end":{"line":62,"column":8}},{"start":{"line":62,"column":8},"end":{"line":62,"column":8}}]},"11":{"line":62,"type":"binary-expr","locations":[{"start":{"line":62,"column":12},"end":{"line":62,"column":29}},{"start":{"line":62,"column":33},"end":{"line":62,"column":49}}]},"12":{"line":66,"type":"if","locations":[{"start":{"line":66,"column":12},"end":{"line":66,"column":12}},{"start":{"line":66,"column":12},"end":{"line":66,"column":12}}]},"13":{"line":69,"type":"if","locations":[{"start":{"line":69,"column":12},"end":{"line":69,"column":12}},{"start":{"line":69,"column":12},"end":{"line":69,"column":12}}]},"14":{"line":82,"type":"if","locations":[{"start":{"line":82,"column":8},"end":{"line":82,"column":8}},{"start":{"line":82,"column":8},"end":{"line":82,"column":8}}]},"15":{"line":88,"type":"cond-expr","locations":[{"start":{"line":88,"column":27},"end":{"line":88,"column":35}},{"start":{"line":88,"column":38},"end":{"line":88,"column":69}}]}},"code":["define([\"require\", \"exports\", \"../constants/error_msgs\"], function (require, exports, ERROR_MSGS) {","    \"use strict\";","    Object.defineProperty(exports, \"__esModule\", { value: true });","    function getServiceIdentifierAsString(serviceIdentifier) {","        if (typeof serviceIdentifier === \"function\") {","            var _serviceIdentifier = serviceIdentifier;","            return _serviceIdentifier.name;","        }","        else if (typeof serviceIdentifier === \"symbol\") {","            return serviceIdentifier.toString();","        }","        else {","            var _serviceIdentifier = serviceIdentifier;","            return _serviceIdentifier;","        }","    }","    exports.getServiceIdentifierAsString = getServiceIdentifierAsString;","    function listRegisteredBindingsForServiceIdentifier(container, serviceIdentifier, getBindings) {","        var registeredBindingsList = \"\";","        var registeredBindings = getBindings(container, serviceIdentifier);","        if (registeredBindings.length !== 0) {","            registeredBindingsList = \"\\nRegistered bindings:\";","            registeredBindings.forEach(function (binding) {","                var name = \"Object\";","                if (binding.implementationType !== null) {","                    name = getFunctionName(binding.implementationType);","                }","                registeredBindingsList = registeredBindingsList + \"\\n \" + name;","                if (binding.constraint.metaData) {","                    registeredBindingsList = registeredBindingsList + \" - \" + binding.constraint.metaData;","                }","            });","        }","        return registeredBindingsList;","    }","    exports.listRegisteredBindingsForServiceIdentifier = listRegisteredBindingsForServiceIdentifier;","    function circularDependencyToException(request, previousServiceIdentifiers) {","        if (previousServiceIdentifiers === void 0) { previousServiceIdentifiers = []; }","        var parentServiceIdentifier = getServiceIdentifierAsString(request.serviceIdentifier);","        previousServiceIdentifiers.push(parentServiceIdentifier);","        request.childRequests.forEach(function (childRequest) {","            var childServiceIdentifier = getServiceIdentifierAsString(childRequest.serviceIdentifier);","            if (previousServiceIdentifiers.indexOf(childServiceIdentifier) === -1) {","                if (childRequest.childRequests.length > 0) {","                    circularDependencyToException(childRequest, previousServiceIdentifiers);","                }","                else {","                    previousServiceIdentifiers.push(childServiceIdentifier);","                }","            }","            else {","                previousServiceIdentifiers.push(childServiceIdentifier);","                var services = previousServiceIdentifiers.reduce(function (prev, curr) {","                    return (prev !== \"\") ? prev + \" -> \" + curr : \"\" + curr;","                }, \"\");","                throw new Error(ERROR_MSGS.CIRCULAR_DEPENDENCY + \" \" + services);","            }","        });","    }","    exports.circularDependencyToException = circularDependencyToException;","    function listMetadataForTarget(serviceIdentifierString, target) {","        if (target.isTagged() || target.isNamed()) {","            var m_1 = \"\";","            var namedTag = target.getNamedTag();","            var otherTags = target.getCustomTags();","            if (namedTag !== null) {","                m_1 += namedTag.toString() + \"\\n\";","            }","            if (otherTags !== null) {","                otherTags.forEach(function (tag) {","                    m_1 += tag.toString() + \"\\n\";","                });","            }","            return \" \" + serviceIdentifierString + \"\\n \" + serviceIdentifierString + \" - \" + m_1;","        }","        else {","            return \" \" + serviceIdentifierString;","        }","    }","    exports.listMetadataForTarget = listMetadataForTarget;","    function getFunctionName(v) {","        if (v.name) {","            return v.name;","        }","        else {","            var name_1 = v.toString();","            var match = name_1.match(/^function\\s*([^\\s(]+)/);","            return match ? match[1] : \"Anonymous function: \" + name_1;","        }","    }","    exports.getFunctionName = getFunctionName;","});",""],"l":{"1":2,"3":0,"4":1,"5":0,"6":0,"7":0,"9":0,"10":0,"13":0,"14":0,"17":0,"18":1,"19":0,"20":0,"21":0,"22":0,"23":0,"24":0,"25":0,"26":0,"28":0,"29":0,"30":0,"34":0,"36":0,"37":1,"38":0,"39":0,"40":0,"41":0,"42":0,"43":0,"44":0,"45":0,"48":0,"52":0,"53":0,"54":0,"56":0,"60":0,"61":1,"62":0,"63":0,"64":0,"65":0,"66":0,"67":0,"69":0,"70":0,"71":0,"74":0,"77":0,"80":0,"81":1,"82":0,"83":0,"86":0,"87":0,"88":0,"91":0}}}